#
# A fatal error has been detected by the Java Runtime Environment:
#
#  EXCEPTION_ACCESS_VIOLATION (0xc0000005) at pc=0x0000000180005b6b, pid=10612, tid=0x0000000000001924
#
# JRE version: Java(TM) SE Runtime Environment (8.0_201-b09) (build 1.8.0_201-b09)
# Java VM: Java HotSpot(TM) 64-Bit Server VM (25.201-b09 mixed mode windows-amd64 compressed oops)
# Problematic frame:
# C  [rxtxSerial.dll+0x5b6b]
#
# Failed to write core dump. Minidumps are not enabled by default on client versions of Windows
#
# If you would like to submit a bug report, please visit:
#   http://bugreport.java.com/bugreport/crash.jsp
# The crash happened outside the Java Virtual Machine in native code.
# See problematic frame for where to report the bug.
#

---------------  T H R E A D  ---------------

Current thread (0x0000000028997800):  JavaThread "Thread-3" [_thread_in_native, id=6436, stack(0x0000000029930000,0x0000000029a30000)]

siginfo: ExceptionCode=0xc0000005, writing address 0x000000002992ed68

Registers:
RAX=0x00000000ffffffff, RBX=0x0000000000000000, RCX=0xe4d40a6a23570000, RDX=0x0000000000000000
RSP=0x0000000029a2eb20, RBP=0x00000000ffffffff, RSI=0x0000000000000006, RDI=0x0000000000000001
R8 =0x0000000029a2e600, R9 =0x0000000180000000, R10=0x0000000000000000, R11=0x0000000000000200
R12=0x000000002992ed60, R13=0x0000000000000001, R14=0x0000000000000000, R15=0x0000000000000000
RIP=0x0000000180005b6b, EFLAGS=0x0000000000010286

Top of Stack: (sp=0x0000000029a2eb20)
0x0000000029a2eb20:   0000000000000000 0000000000000000
0x0000000029a2eb30:   0000000000000000 0000000000000000
0x0000000029a2eb40:   0000000000000000 0000000029a2ec80
0x0000000029a2eb50:   000000000000233a 0000000000000001
0x0000000029a2eb60:   00000000289979f8 0000000000000001
0x0000000029a2eb70:   ffffffffffffffff 0000000180006211
0x0000000029a2eb80:   000000001f8be210 0000000000000001
0x0000000029a2eb90:   0000000000000001 000000001f8be210
0x0000000029a2eba0:   0000000000000001 00000000ffffffff
0x0000000029a2ebb0:   0000000029a2ec78 00000000289979f8
0x0000000029a2ebc0:   0000000029a2ecb0 0000000180006920
0x0000000029a2ebd0:   00000000289979f8 000000004004667f
0x0000000029a2ebe0:   0000000029a2ebf0 fffffffffffff8b8
0x0000000029a2ebf0:   0000000000000000 0000dd30c4c8b5a7
0x0000000029a2ec00:   0000000000000000 000000000000233a
0x0000000029a2ec10:   0000000028997800 0000000000000308 

Instructions: (pc=0x0000000180005b6b)
0x0000000180005b4b:   31 00 00 85 c0 78 33 74 06 03 d8 2b f8 eb 0a b9
0x0000000180005b5b:   e8 03 00 00 e8 1c 1c 00 00 41 3b dd 7c b7 8b c3
0x0000000180005b6b:   45 89 74 24 08 48 8b 5c 24 60 48 83 c4 20 41 5f
0x0000000180005b7b:   41 5e 41 5d 41 5c 5f 5e 5d c3 e8 1e 61 00 00 83 


Register to memory mapping:

RAX=0x00000000ffffffff is an unknown value
RBX=0x0000000000000000 is an unknown value
RCX=0xe4d40a6a23570000 is an unknown value
RDX=0x0000000000000000 is an unknown value
RSP=0x0000000029a2eb20 is pointing into the stack for thread: 0x0000000028997800
RBP=0x00000000ffffffff is an unknown value
RSI=0x0000000000000006 is an unknown value
RDI=0x0000000000000001 is an unknown value
R8 =0x0000000029a2e600 is pointing into the stack for thread: 0x0000000028997800
R9 =0x0000000180000000 is an unknown value
R10=0x0000000000000000 is an unknown value
R11=0x0000000000000200 is an unknown value
R12=0x000000002992ed60 is an unknown value
R13=0x0000000000000001 is an unknown value
R14=0x0000000000000000 is an unknown value
R15=0x0000000000000000 is an unknown value


Stack: [0x0000000029930000,0x0000000029a30000],  sp=0x0000000029a2eb20,  free space=1018k
Native frames: (J=compiled Java code, j=interpreted, Vv=VM code, C=native code)
C  [rxtxSerial.dll+0x5b6b]
C  [rxtxSerial.dll+0x6211]
C  0x00000000026e201a

Java frames: (J=compiled Java code, j=interpreted, Vv=VM code)
J 2927  gnu.io.RXTXPort.readArray([BII)I (0 bytes) @ 0x00000000026e1f94 [0x00000000026e1f40+0x54]
J 2925 C1 gnu.io.RXTXPort$SerialInputStream.read([BII)I (305 bytes) @ 0x0000000002b31564 [0x0000000002b30cc0+0x8a4]
J 3150 C1 sun.nio.cs.StreamDecoder.readBytes()I (289 bytes) @ 0x0000000002707f3c [0x00000000027077e0+0x75c]
J 3149 C1 sun.nio.cs.StreamDecoder.implRead([CII)I (243 bytes) @ 0x00000000029011e4 [0x0000000002900660+0xb84]
J 2921 C1 sun.nio.cs.StreamDecoder.read([CII)I (196 bytes) @ 0x0000000002b34b14 [0x0000000002b342e0+0x834]
J 2920 C1 java.io.InputStreamReader.read([CII)I (11 bytes) @ 0x00000000023b1214 [0x00000000023b1180+0x94]
J 2924 C1 java.io.BufferedReader.fill()V (170 bytes) @ 0x000000000250721c [0x0000000002506dc0+0x45c]
J 37 C1 java.io.BufferedReader.readLine(Z)Ljava/lang/String; (304 bytes) @ 0x0000000002339f3c [0x0000000002339c60+0x2dc]
J 2277 C1 java.io.BufferedReader.readLine()Ljava/lang/String; (6 bytes) @ 0x0000000002409394 [0x0000000002409300+0x94]
j  arduino.serial.SerialReadingThread.run()V+17
v  ~StubRoutines::call_stub

---------------  P R O C E S S  ---------------

Java Threads: ( => current thread )
  0x000000001f335000 JavaThread "Thread-2685" [_thread_in_native, id=24376, stack(0x0000000056d30000,0x0000000056e30000)]
=>0x0000000028997800 JavaThread "Thread-3" [_thread_in_native, id=6436, stack(0x0000000029930000,0x0000000029a30000)]
  0x0000000028621800 JavaThread "TimerQueue" daemon [_thread_blocked, id=5964, stack(0x0000000029730000,0x0000000029830000)]
  0x000000000059e000 JavaThread "DestroyJavaVM" [_thread_blocked, id=10208, stack(0x0000000002020000,0x0000000002120000)]
  0x000000001f7fe800 JavaThread "AWT-EventQueue-0" [_thread_blocked, id=6508, stack(0x0000000027e60000,0x0000000027f60000)]
  0x000000001f427000 JavaThread "AWT-Windows" daemon [_thread_in_native, id=21148, stack(0x000000001fd30000,0x000000001fe30000)]
  0x000000001f426800 JavaThread "AWT-Shutdown" [_thread_blocked, id=12428, stack(0x000000001fc30000,0x000000001fd30000)]
  0x000000001f426000 JavaThread "Java2D Disposer" daemon [_thread_blocked, id=19072, stack(0x000000001fb30000,0x000000001fc30000)]
  0x000000001d5dd000 JavaThread "Service Thread" daemon [_thread_blocked, id=19688, stack(0x000000001efc0000,0x000000001f0c0000)]
  0x000000001d551800 JavaThread "C1 CompilerThread3" daemon [_thread_blocked, id=19008, stack(0x000000001eec0000,0x000000001efc0000)]
  0x000000001d550800 JavaThread "C2 CompilerThread2" daemon [_thread_blocked, id=18588, stack(0x000000001edc0000,0x000000001eec0000)]
  0x000000001d547800 JavaThread "C2 CompilerThread1" daemon [_thread_blocked, id=24180, stack(0x000000001ecc0000,0x000000001edc0000)]
  0x000000001d541800 JavaThread "C2 CompilerThread0" daemon [_thread_blocked, id=22396, stack(0x000000001ebc0000,0x000000001ecc0000)]
  0x000000001d53b800 JavaThread "Attach Listener" daemon [_thread_blocked, id=23784, stack(0x000000001eac0000,0x000000001ebc0000)]
  0x000000001d53a800 JavaThread "Signal Dispatcher" daemon [_thread_blocked, id=25476, stack(0x000000001e9c0000,0x000000001eac0000)]
  0x000000001d533000 JavaThread "Finalizer" daemon [_thread_blocked, id=25624, stack(0x000000001e790000,0x000000001e890000)]
  0x000000001be5c800 JavaThread "Reference Handler" daemon [_thread_blocked, id=12768, stack(0x000000001e690000,0x000000001e790000)]

Other Threads:
  0x000000001be57000 VMThread [stack: 0x000000001e590000,0x000000001e690000] [id=7848]
  0x000000001d5f7000 WatcherThread [stack: 0x000000001f0c0000,0x000000001f1c0000] [id=14836]

VM state:not at safepoint (normal execution)

VM Mutex/Monitor currently owned by a thread: None

heap address: 0x00000006c1800000, size: 4072 MB, Compressed Oops mode: Zero based, Oop shift amount: 3
Narrow klass base: 0x0000000000000000, Narrow klass shift: 3
Compressed class space size: 1073741824 Address: 0x00000007c0000000

Heap:
 PSYoungGen      total 178176K, used 1556K [0x000000076b300000, 0x0000000776b80000, 0x00000007c0000000)
  eden space 167424K, 0% used [0x000000076b300000,0x000000076b4851c0,0x0000000775680000)
  from space 10752K, 0% used [0x0000000776100000,0x0000000776100000,0x0000000776b80000)
  to   space 10752K, 0% used [0x0000000775680000,0x0000000775680000,0x0000000776100000)
 ParOldGen       total 299008K, used 96911K [0x00000006c1800000, 0x00000006d3c00000, 0x000000076b300000)
  object space 299008K, 32% used [0x00000006c1800000,0x00000006c76a3fd0,0x00000006d3c00000)
 Metaspace       used 17952K, capacity 18338K, committed 18560K, reserved 1064960K
  class space    used 2223K, capacity 2327K, committed 2432K, reserved 1048576K

Card table byte_map: [0x00000000115e0000,0x0000000011de0000] byte_map_base: 0x000000000dfd4000

Marking Bits: (ParMarkBitMap*) 0x00000000741a4ce0
 Begin Bits: [0x0000000012d30000, 0x0000000016cd0000)
 End Bits:   [0x0000000016cd0000, 0x000000001ac70000)

Polling page: 0x0000000000580000

CodeCache: size=245760Kb used=9956Kb max_used=9991Kb free=235803Kb
 bounds [0x0000000002220000, 0x0000000002bf0000, 0x0000000011220000]
 total_blobs=3547 nmethods=2837 adapters=622
 compilation: enabled

Compilation events (10 events):
Event: 120.798 Thread 0x000000001d551800 3288       1       diagramming.CustomDiagram::isOpaque (2 bytes)
Event: 120.799 Thread 0x000000001d550800 3289       4       java.awt.geom.AffineTransform::<init> (69 bytes)
Event: 120.799 Thread 0x000000001d551800 nmethod 3288 0x00000000026f0010 code [0x00000000026f0160, 0x00000000026f0270]
Event: 120.799 Thread 0x000000001d550800 nmethod 3289 0x00000000024cbc50 code [0x00000000024cbd80, 0x00000000024cbe38]
Event: 120.799 Thread 0x000000001d551800 3290       3       java.awt.geom.Rectangle2D$Float::<init> (14 bytes)
Event: 120.799 Thread 0x000000001d551800 nmethod 3290 0x00000000026b42d0 code [0x00000000026b4440, 0x00000000026b4730]
Event: 120.799 Thread 0x000000001d551800 3291       3       java.awt.geom.Rectangle2D$Float::setRect (22 bytes)
Event: 120.800 Thread 0x000000001d551800 nmethod 3291 0x00000000026efc90 code [0x00000000026efde0, 0x00000000026eff50]
Event: 120.800 Thread 0x000000001d551800 3292       3       com.sun.java.swing.plaf.windows.WindowsIconFactory$VistaMenuItemCheckIconFactory$VistaMenuItemCheckIcon::typeToString (76 bytes)
Event: 120.800 Thread 0x000000001d551800 nmethod 3292 0x0000000002b2f290 code [0x0000000002b2f4c0, 0x0000000002b30278]

GC Heap History (10 events):
Event: 120.732 GC heap before
{Heap before GC invocations=5442 (full 2720):
 PSYoungGen      total 178176K, used 10220K [0x000000076b300000, 0x0000000776b80000, 0x00000007c0000000)
  eden space 167424K, 0% used [0x000000076b300000,0x000000076b300000,0x0000000775680000)
  from space 10752K, 95% used [0x0000000776100000,0x0000000776afb070,0x0000000776b80000)
  to   space 10752K, 0% used [0x0000000775680000,0x0000000775680000,0x0000000776100000)
 ParOldGen       total 299008K, used 100540K [0x00000006c1800000, 0x00000006d3c00000, 0x000000076b300000)
  object space 299008K, 33% used [0x00000006c1800000,0x00000006c7a2f218,0x00000006d3c00000)
 Metaspace       used 17948K, capacity 18338K, committed 18560K, reserved 1064960K
  class space    used 2223K, capacity 2327K, committed 2432K, reserved 1048576K
Event: 120.743 GC heap after
Heap after GC invocations=5442 (full 2720):
 PSYoungGen      total 178176K, used 0K [0x000000076b300000, 0x0000000776b80000, 0x00000007c0000000)
  eden space 167424K, 0% used [0x000000076b300000,0x000000076b300000,0x0000000775680000)
  from space 10752K, 0% used [0x0000000776100000,0x0000000776100000,0x0000000776b80000)
  to   space 10752K, 0% used [0x0000000775680000,0x0000000775680000,0x0000000776100000)
 ParOldGen       total 299008K, used 96940K [0x00000006c1800000, 0x00000006d3c00000, 0x000000076b300000)
  object space 299008K, 32% used [0x00000006c1800000,0x00000006c76ab078,0x00000006d3c00000)
 Metaspace       used 17948K, capacity 18338K, committed 18560K, reserved 1064960K
  class space    used 2223K, capacity 2327K, committed 2432K, reserved 1048576K
}
Event: 120.758 GC heap before
{Heap before GC invocations=5443 (full 2720):
 PSYoungGen      total 178176K, used 8846K [0x000000076b300000, 0x0000000776b80000, 0x00000007c0000000)
  eden space 167424K, 5% used [0x000000076b300000,0x000000076bba3b80,0x0000000775680000)
  from space 10752K, 0% used [0x0000000776100000,0x0000000776100000,0x0000000776b80000)
  to   space 10752K, 0% used [0x0000000775680000,0x0000000775680000,0x0000000776100000)
 ParOldGen       total 299008K, used 96940K [0x00000006c1800000, 0x00000006d3c00000, 0x000000076b300000)
  object space 299008K, 32% used [0x00000006c1800000,0x00000006c76ab078,0x00000006d3c00000)
 Metaspace       used 17948K, capacity 18338K, committed 18560K, reserved 1064960K
  class space    used 2223K, capacity 2327K, committed 2432K, reserved 1048576K
Event: 120.759 GC heap after
Heap after GC invocations=5443 (full 2720):
 PSYoungGen      total 178176K, used 10188K [0x000000076b300000, 0x0000000776b80000, 0x00000007c0000000)
  eden space 167424K, 0% used [0x000000076b300000,0x000000076b300000,0x0000000775680000)
  from space 10752K, 94% used [0x0000000775680000,0x0000000776073070,0x0000000776100000)
  to   space 10752K, 0% used [0x0000000776100000,0x0000000776100000,0x0000000776b80000)
 ParOldGen       total 299008K, used 100540K [0x00000006c1800000, 0x00000006d3c00000, 0x000000076b300000)
  object space 299008K, 33% used [0x00000006c1800000,0x00000006c7a2f098,0x00000006d3c00000)
 Metaspace       used 17948K, capacity 18338K, committed 18560K, reserved 1064960K
  class space    used 2223K, capacity 2327K, committed 2432K, reserved 1048576K
}
Event: 120.759 GC heap before
{Heap before GC invocations=5444 (full 2721):
 PSYoungGen      total 178176K, used 10188K [0x000000076b300000, 0x0000000776b80000, 0x00000007c0000000)
  eden space 167424K, 0% used [0x000000076b300000,0x000000076b300000,0x0000000775680000)
  from space 10752K, 94% used [0x0000000775680000,0x0000000776073070,0x0000000776100000)
  to   space 10752K, 0% used [0x0000000776100000,0x0000000776100000,0x0000000776b80000)
 ParOldGen       total 299008K, used 100540K [0x00000006c1800000, 0x00000006d3c00000, 0x000000076b300000)
  object space 299008K, 33% used [0x00000006c1800000,0x00000006c7a2f098,0x00000006d3c00000)
 Metaspace       used 17948K, capacity 18338K, committed 18560K, reserved 1064960K
  class space    used 2223K, capacity 2327K, committed 2432K, reserved 1048576K
Event: 120.770 GC heap after
Heap after GC invocations=5444 (full 2721):
 PSYoungGen      total 178176K, used 0K [0x000000076b300000, 0x0000000776b80000, 0x00000007c0000000)
  eden space 167424K, 0% used [0x000000076b300000,0x000000076b300000,0x0000000775680000)
  from space 10752K, 0% used [0x0000000775680000,0x0000000775680000,0x0000000776100000)
  to   space 10752K, 0% used [0x0000000776100000,0x0000000776100000,0x0000000776b80000)
 ParOldGen       total 299008K, used 96936K [0x00000006c1800000, 0x00000006d3c00000, 0x000000076b300000)
  object space 299008K, 32% used [0x00000006c1800000,0x00000006c76aa360,0x00000006d3c00000)
 Metaspace       used 17948K, capacity 18338K, committed 18560K, reserved 1064960K
  class space    used 2223K, capacity 2327K, committed 2432K, reserved 1048576K
}
Event: 120.786 GC heap before
{Heap before GC invocations=5445 (full 2721):
 PSYoungGen      total 178176K, used 8009K [0x000000076b300000, 0x0000000776b80000, 0x00000007c0000000)
  eden space 167424K, 4% used [0x000000076b300000,0x000000076bad2728,0x0000000775680000)
  from space 10752K, 0% used [0x0000000775680000,0x0000000775680000,0x0000000776100000)
  to   space 10752K, 0% used [0x0000000776100000,0x0000000776100000,0x0000000776b80000)
 ParOldGen       total 299008K, used 96936K [0x00000006c1800000, 0x00000006d3c00000, 0x000000076b300000)
  object space 299008K, 32% used [0x00000006c1800000,0x00000006c76aa360,0x00000006d3c00000)
 Metaspace       used 17950K, capacity 18338K, committed 18560K, reserved 1064960K
  class space    used 2223K, capacity 2327K, committed 2432K, reserved 1048576K
Event: 120.787 GC heap after
Heap after GC invocations=5445 (full 2721):
 PSYoungGen      total 178176K, used 8420K [0x000000076b300000, 0x0000000776b80000, 0x00000007c0000000)
  eden space 167424K, 0% used [0x000000076b300000,0x000000076b300000,0x0000000775680000)
  from space 10752K, 78% used [0x0000000776100000,0x0000000776939070,0x0000000776b80000)
  to   space 10752K, 0% used [0x0000000775680000,0x0000000775680000,0x0000000776100000)
 ParOldGen       total 299008K, used 102336K [0x00000006c1800000, 0x00000006d3c00000, 0x000000076b300000)
  object space 299008K, 34% used [0x00000006c1800000,0x00000006c7bf0380,0x00000006d3c00000)
 Metaspace       used 17950K, capacity 18338K, committed 18560K, reserved 1064960K
  class space    used 2223K, capacity 2327K, committed 2432K, reserved 1048576K
}
Event: 120.787 GC heap before
{Heap before GC invocations=5446 (full 2722):
 PSYoungGen      total 178176K, used 8420K [0x000000076b300000, 0x0000000776b80000, 0x00000007c0000000)
  eden space 167424K, 0% used [0x000000076b300000,0x000000076b300000,0x0000000775680000)
  from space 10752K, 78% used [0x0000000776100000,0x0000000776939070,0x0000000776b80000)
  to   space 10752K, 0% used [0x0000000775680000,0x0000000775680000,0x0000000776100000)
 ParOldGen       total 299008K, used 102336K [0x00000006c1800000, 0x00000006d3c00000, 0x000000076b300000)
  object space 299008K, 34% used [0x00000006c1800000,0x00000006c7bf0380,0x00000006d3c00000)
 Metaspace       used 17950K, capacity 18338K, committed 18560K, reserved 1064960K
  class space    used 2223K, capacity 2327K, committed 2432K, reserved 1048576K
Event: 120.798 GC heap after
Heap after GC invocations=5446 (full 2722):
 PSYoungGen      total 178176K, used 0K [0x000000076b300000, 0x0000000776b80000, 0x00000007c0000000)
  eden space 167424K, 0% used [0x000000076b300000,0x000000076b300000,0x0000000775680000)
  from space 10752K, 0% used [0x0000000776100000,0x0000000776100000,0x0000000776b80000)
  to   space 10752K, 0% used [0x0000000775680000,0x0000000775680000,0x0000000776100000)
 ParOldGen       total 299008K, used 96937K [0x00000006c1800000, 0x00000006d3c00000, 0x000000076b300000)
  object space 299008K, 32% used [0x00000006c1800000,0x00000006c76aa790,0x00000006d3c00000)
 Metaspace       used 17950K, capacity 18338K, committed 18560K, reserved 1064960K
  class space    used 2223K, capacity 2327K, committed 2432K, reserved 1048576K
}

Deoptimization events (10 events):
Event: 58.582 Thread 0x000000001f7fe800 Uncommon trap: reason=unstable_if action=reinterpret pc=0x0000000002850298 method=java.awt.EventQueue.eventToCacheIndex(Ljava/awt/AWTEvent;)I @ 71
Event: 58.582 Thread 0x000000001f7fe800 Uncommon trap: reason=class_check action=maybe_recompile pc=0x00000000028a363c method=java.awt.EventQueue.setCurrentEventAndMostRecentTimeImpl(Ljava/awt/AWTEvent;)V @ 135
Event: 58.617 Thread 0x000000001f7fe800 Uncommon trap: reason=class_check action=maybe_recompile pc=0x00000000028a363c method=java.awt.EventQueue.setCurrentEventAndMostRecentTimeImpl(Ljava/awt/AWTEvent;)V @ 135
Event: 58.622 Thread 0x000000001f7fe800 Uncommon trap: reason=class_check action=maybe_recompile pc=0x00000000028a363c method=java.awt.EventQueue.setCurrentEventAndMostRecentTimeImpl(Ljava/awt/AWTEvent;)V @ 135
Event: 58.625 Thread 0x000000001f7fe800 Uncommon trap: reason=class_check action=maybe_recompile pc=0x0000000002881c48 method=java.awt.EventQueue.setCurrentEventAndMostRecentTimeImpl(Ljava/awt/AWTEvent;)V @ 135
Event: 62.704 Thread 0x000000001f7fe800 Uncommon trap: reason=unstable_if action=reinterpret pc=0x0000000002a83b60 method=sun.awt.PostEventQueue.flush()V @ 23
Event: 65.500 Thread 0x0000000028621800 Uncommon trap: reason=unstable_if action=reinterpret pc=0x0000000002b25270 method=java.util.concurrent.locks.AbstractQueuedSynchronizer.acquireQueued(Ljava/util/concurrent/locks/AbstractQueuedSynchronizer$Node;I)Z @ 25
Event: 94.542 Thread 0x000000001f330800 Uncommon trap: reason=range_check action=make_not_entrant pc=0x000000000269ca20 method=sun.awt.image.ByteInterleavedRaster.<init>(Ljava/awt/image/SampleModel;Ljava/awt/image/DataBuffer;Ljava/awt/Rectangle;Ljava/awt/Point;Lsun/awt/image/ByteInterleavedRast
Event: 117.586 Thread 0x000000001f7fe800 Uncommon trap: reason=null_check action=make_not_entrant pc=0x0000000002b60424 method=java.awt.DefaultKeyboardFocusManager.dispatchEvent(Ljava/awt/AWTEvent;)Z @ 518
Event: 119.140 Thread 0x000000001f7fe800 Uncommon trap: reason=unstable_if action=reinterpret pc=0x0000000002bb99fc method=javax.swing.JComponent.getObscuredState(IIIII)I @ 116

Classes redefined (0 events):
No events

Internal exceptions (10 events):
Event: 37.732 Thread 0x000000001f7fe800 Exception <a 'java/io/FileNotFoundException'> (0x000000076c43d838) thrown at [C:\re\workspace\8-2-build-windows-amd64-cygwin\jdk8u201\12322\hotspot\src\share\vm\prims\jni.cpp, line 709]
Event: 37.977 Thread 0x000000001f7fe800 Exception <a 'java/io/FileNotFoundException'> (0x000000076c479470) thrown at [C:\re\workspace\8-2-build-windows-amd64-cygwin\jdk8u201\12322\hotspot\src\share\vm\prims\jni.cpp, line 709]
Event: 37.978 Thread 0x000000001f7fe800 Exception <a 'java/io/FileNotFoundException'> (0x000000076c48f660) thrown at [C:\re\workspace\8-2-build-windows-amd64-cygwin\jdk8u201\12322\hotspot\src\share\vm\prims\jni.cpp, line 709]
Event: 41.615 Thread 0x000000001f7fe800 Exception <a 'java/io/FileNotFoundException'> (0x000000076c71ad00) thrown at [C:\re\workspace\8-2-build-windows-amd64-cygwin\jdk8u201\12322\hotspot\src\share\vm\prims\jni.cpp, line 709]
Event: 41.616 Thread 0x000000001f7fe800 Exception <a 'java/io/FileNotFoundException'> (0x000000076c730ef0) thrown at [C:\re\workspace\8-2-build-windows-amd64-cygwin\jdk8u201\12322\hotspot\src\share\vm\prims\jni.cpp, line 709]
Event: 49.053 Thread 0x000000001f7fe800 Implicit null exception at 0x0000000002894a88 to 0x0000000002895170
Event: 117.586 Thread 0x000000001f7fe800 Implicit null exception at 0x0000000002b5f501 to 0x0000000002b60411
Event: 119.902 Thread 0x000000001f7fe800 Exception <a 'java/io/FileNotFoundException'> (0x000000076b4a7750) thrown at [C:\re\workspace\8-2-build-windows-amd64-cygwin\jdk8u201\12322\hotspot\src\share\vm\prims\jni.cpp, line 709]
Event: 119.903 Thread 0x000000001f7fe800 Exception <a 'java/io/FileNotFoundException'> (0x000000076b4bd940) thrown at [C:\re\workspace\8-2-build-windows-amd64-cygwin\jdk8u201\12322\hotspot\src\share\vm\prims\jni.cpp, line 709]
Event: 120.802 Thread 0x0000000028997800 Exception <a 'java/lang/InterruptedException': sleep interrupted> (0x000000076b3d1708) thrown at [C:\re\workspace\8-2-build-windows-amd64-cygwin\jdk8u201\12322\hotspot\src\share\vm\prims\jvm.cpp, line 3340]

Events (10 events):
Event: 120.771 Thread 0x000000001d551800 flushing nmethod 0x0000000002711e90
Event: 120.772 Thread 0x000000001d551800 flushing nmethod 0x00000000027a8d90
Event: 120.772 Thread 0x000000001d551800 flushing nmethod 0x00000000027c8cd0
Event: 120.772 Thread 0x000000001d551800 flushing nmethod 0x00000000028132d0
Event: 120.786 Thread 0x000000001f331000 Thread added: 0x000000001f331000
Event: 120.786 Executing VM operation: ParallelGCSystemGC
Event: 120.798 Executing VM operation: ParallelGCSystemGC done
Event: 120.798 Thread 0x000000001f331000 Thread exited: 0x000000001f331000
Event: 120.799 Thread 0x000000001d551800 flushing nmethod 0x0000000002b2ee90
Event: 120.810 Thread 0x00000000287bb800 Thread exited: 0x00000000287bb800


Dynamic libraries:
0x00007ff72e7a0000 - 0x00007ff72e7d7000 	D:\java\bin\javaw.exe
0x00007ff82ef60000 - 0x00007ff82f141000 	C:\Windows\SYSTEM32\ntdll.dll
0x00007ff80d990000 - 0x00007ff80d9a2000 	C:\Program Files\AVAST Software\Avast\aswhook.dll
0x00007ff82e2d0000 - 0x00007ff82e382000 	C:\Windows\System32\KERNEL32.DLL
0x00007ff82b500000 - 0x00007ff82b773000 	C:\Windows\System32\KERNELBASE.dll
0x00007ff82eb50000 - 0x00007ff82ebf1000 	C:\Windows\System32\ADVAPI32.dll
0x00007ff82ec60000 - 0x00007ff82ecfe000 	C:\Windows\System32\msvcrt.dll
0x00007ff82e520000 - 0x00007ff82e57b000 	C:\Windows\System32\sechost.dll
0x00007ff82d860000 - 0x00007ff82d984000 	C:\Windows\System32\RPCRT4.dll
0x00007ff82e130000 - 0x00007ff82e2c0000 	C:\Windows\System32\USER32.dll
0x00007ff82bf90000 - 0x00007ff82bfb0000 	C:\Windows\System32\win32u.dll
0x00007ff82d830000 - 0x00007ff82d858000 	C:\Windows\System32\GDI32.dll
0x00007ff82c250000 - 0x00007ff82c3e2000 	C:\Windows\System32\gdi32full.dll
0x00007ff82b3b0000 - 0x00007ff82b44f000 	C:\Windows\System32\msvcp_win.dll
0x00007ff82b780000 - 0x00007ff82b878000 	C:\Windows\System32\ucrtbase.dll
0x00007ff812930000 - 0x00007ff812b99000 	C:\Windows\WinSxS\amd64_microsoft.windows.common-controls_6595b64144ccf1df_6.0.17134.648_none_fb45a0e93062a6d2\COMCTL32.dll
0x00007ff82de00000 - 0x00007ff82e122000 	C:\Windows\System32\combase.dll
0x00007ff82b330000 - 0x00007ff82b3aa000 	C:\Windows\System32\bcryptPrimitives.dll
0x00007ff82ea80000 - 0x00007ff82eaad000 	C:\Windows\System32\IMM32.DLL
0x00000000737c0000 - 0x0000000073891000 	D:\java\bin\msvcr100.dll
0x0000000073980000 - 0x0000000074224000 	D:\java\bin\server\jvm.dll
0x00007ff82e2c0000 - 0x00007ff82e2c8000 	C:\Windows\System32\PSAPI.DLL
0x00007ff81b4c0000 - 0x00007ff81b4c9000 	C:\Windows\SYSTEM32\WSOCK32.dll
0x00007ff82ed00000 - 0x00007ff82ed6c000 	C:\Windows\System32\WS2_32.dll
0x00007ff823d10000 - 0x00007ff823d33000 	C:\Windows\SYSTEM32\WINMM.dll
0x00007ff826d30000 - 0x00007ff826d3a000 	C:\Windows\SYSTEM32\VERSION.dll
0x00007ff823ce0000 - 0x00007ff823d0a000 	C:\Windows\SYSTEM32\WINMMBASE.dll
0x00007ff82b4b0000 - 0x00007ff82b4f9000 	C:\Windows\System32\cfgmgr32.dll
0x00007ff822670000 - 0x00007ff82267f000 	D:\java\bin\verify.dll
0x00007ff81c3c0000 - 0x00007ff81c3e9000 	D:\java\bin\java.dll
0x00007ff822100000 - 0x00007ff822116000 	D:\java\bin\zip.dll
0x00007ff82c3f0000 - 0x00007ff82d830000 	C:\Windows\System32\SHELL32.dll
0x00007ff82e9d0000 - 0x00007ff82ea79000 	C:\Windows\System32\shcore.dll
0x00007ff82b880000 - 0x00007ff82bf8d000 	C:\Windows\System32\windows.storage.dll
0x00007ff82ed70000 - 0x00007ff82edc1000 	C:\Windows\System32\shlwapi.dll
0x00007ff82b310000 - 0x00007ff82b321000 	C:\Windows\System32\kernel.appcore.dll
0x00007ff82b2d0000 - 0x00007ff82b2ef000 	C:\Windows\System32\profapi.dll
0x00007ff82b280000 - 0x00007ff82b2cc000 	C:\Windows\System32\powrprof.dll
0x00007ff82b270000 - 0x00007ff82b27a000 	C:\Windows\System32\FLTLIB.DLL
0x00007ffff6a90000 - 0x00007ffff6c29000 	D:\java\bin\awt.dll
0x00007ff82db80000 - 0x00007ff82dc43000 	C:\Windows\System32\OLEAUT32.dll
0x00007ff8295d0000 - 0x00007ff82965b000 	C:\Windows\SYSTEM32\apphelp.dll
0x00007ff829900000 - 0x00007ff829998000 	C:\Windows\system32\uxtheme.dll
0x00007ff82e3a0000 - 0x00007ff82e513000 	C:\Windows\System32\MSCTF.dll
0x00007ff8299e0000 - 0x00007ff829a09000 	C:\Windows\system32\dwmapi.dll
0x00007ff82edd0000 - 0x00007ff82ef21000 	C:\Windows\System32\ole32.dll
0x00007fffc3560000 - 0x00007fffc6232000 	D:\Schule\Diplomarbeit\EasyVision\opencv\build\java\x64\opencv_java341.dll
0x00007ff80bb80000 - 0x00007ff80bba9000 	C:\Windows\SYSTEM32\MSVFW32.dll
0x00007ff826ce0000 - 0x00007ff826cff000 	C:\Windows\SYSTEM32\AVIFIL32.dll
0x00007ffffd6a0000 - 0x00007ffffd6b8000 	C:\Windows\SYSTEM32\AVICAP32.dll
0x00007ff822510000 - 0x00007ff82252c000 	C:\Windows\SYSTEM32\MSACM32.dll
0x0000000066cc0000 - 0x000000006862e000 	D:\Schule\Diplomarbeit\EasyVision\opencv\build\x64\vc15\bin\opencv_ffmpeg341_64.dll
0x00007ff81aef0000 - 0x00007ff81aefc000 	C:\Windows\SYSTEM32\Secur32.dll
0x00007ff82b170000 - 0x00007ff82b1a0000 	C:\Windows\SYSTEM32\SSPICLI.DLL
0x00007ff822120000 - 0x00007ff822240000 	C:\Windows\system32\opengl32.dll
0x00007ff8271d0000 - 0x00007ff8271fc000 	C:\Windows\SYSTEM32\GLU32.dll
0x00007ffff6a40000 - 0x00007ffff6a87000 	D:\java\bin\fontmanager.dll
0x00007ff81c380000 - 0x00007ff81c39a000 	D:\java\bin\net.dll
0x00007ff81dac0000 - 0x00007ff81dc88000 	C:\Windows\SYSTEM32\urlmon.dll
0x00007ff8217d0000 - 0x00007ff821a75000 	C:\Windows\SYSTEM32\iertutil.dll
0x00007ff82acc0000 - 0x00007ff82accb000 	C:\Windows\SYSTEM32\CRYPTBASE.DLL
0x00007ff82aaf0000 - 0x00007ff82ab56000 	C:\Windows\system32\mswsock.dll
0x00007ff81c1e0000 - 0x00007ff81c1f1000 	D:\java\bin\nio.dll
0x00007ff82eab0000 - 0x00007ff82eb50000 	C:\Windows\System32\clbcatq.dll
0x00007ff802930000 - 0x00007ff802947000 	C:\Windows\System32\devenum.dll
0x00007ff82e580000 - 0x00007ff82e9cb000 	C:\Windows\System32\setupapi.dll
0x00007ff82a360000 - 0x00007ff82a391000 	C:\Windows\SYSTEM32\ntmarta.dll
0x00007ff82b080000 - 0x00007ff82b0a7000 	C:\Windows\SYSTEM32\DEVOBJ.dll
0x00007ff82b450000 - 0x00007ff82b4a7000 	C:\Windows\System32\WINTRUST.dll
0x00007ff82b2f0000 - 0x00007ff82b302000 	C:\Windows\System32\MSASN1.dll
0x00007ff82c060000 - 0x00007ff82c242000 	C:\Windows\System32\CRYPT32.dll
0x00007ff81c3b0000 - 0x00007ff81c3ba000 	C:\Windows\SYSTEM32\msdmo.dll
0x00007ffff5c30000 - 0x00007ffff5c63000 	C:\Windows\System32\qcap.dll
0x00007fffe5510000 - 0x00007fffe56cd000 	C:\Windows\System32\quartz.dll
0x00007ff82add0000 - 0x00007ff82adf5000 	C:\Windows\System32\bcrypt.dll
0x00007ffff5be0000 - 0x00007ffff5c2b000 	C:\Windows\System32\mfksproxy.dll
0x00007ff80cfc0000 - 0x00007ff80cfdd000 	C:\Windows\System32\ATL.DLL
0x00007ff822880000 - 0x00007ff822a5b000 	C:\Windows\System32\MFPlat.DLL
0x00007ff827950000 - 0x00007ff82797e000 	C:\Windows\System32\RTWorkQ.DLL
0x00007ff824c70000 - 0x00007ff824cbe000 	C:\Windows\System32\MFSENSORGROUP.dll
0x00007ffff5b90000 - 0x00007ffff5bd8000 	C:\Windows\System32\ksproxy.ax
0x00007ff827c60000 - 0x00007ff827c69000 	C:\Windows\System32\ksuser.dll
0x00007ff825870000 - 0x00007ff825a07000 	C:\Windows\System32\d3d9.dll
0x00007ff826c40000 - 0x00007ff826cbf000 	C:\Windows\SYSTEM32\policymanager.dll
0x00007ff826a90000 - 0x00007ff826b21000 	C:\Windows\System32\msvcp110_win.dll
0x00007ff827c50000 - 0x00007ff827c5c000 	C:\Windows\System32\vidcap.ax
0x00007ff827160000 - 0x00007ff827186000 	C:\Windows\System32\kswdmcap.ax
0x00007ffff2890000 - 0x00007ffff29f4000 	C:\Windows\System32\MFC42.dll
0x00007ffff43f0000 - 0x00007ffff448f000 	C:\Windows\System32\qedit.dll
0x00007ff82da90000 - 0x00007ff82db7d000 	C:\Windows\System32\COMDLG32.dll
0x00007ff8194e0000 - 0x00007ff81967b000 	C:\Windows\WinSxS\amd64_microsoft.windows.gdiplus_6595b64144ccf1df_1.1.17134.648_none_2c3093ce8af520a0\gdiplus.dll
0x00007ffffa2e0000 - 0x00007ffffa3d6000 	C:\Windows\System32\DDRAW.dll
0x00007ff82a030000 - 0x00007ff82a0eb000 	C:\Windows\System32\dxgi.dll
0x00007ff8257c0000 - 0x00007ff8257c8000 	C:\Windows\System32\DCIMAN32.dll
0x00007ffff5c70000 - 0x00007ffff5cb2000 	D:\java\bin\t2k.dll
0x00007ff822ee0000 - 0x00007ff822f76000 	C:\Windows\System32\TextInputFramework.dll
0x00007ff823120000 - 0x00007ff82343e000 	C:\Windows\System32\CoreUIComponents.dll
0x00007ff8293d0000 - 0x00007ff8294aa000 	C:\Windows\System32\CoreMessaging.dll
0x00007ff827e30000 - 0x00007ff827f7d000 	C:\Windows\SYSTEM32\wintypes.dll
0x00007ff823720000 - 0x00007ff8238ce000 	C:\Windows\SYSTEM32\WindowsCodecs.dll
0x00007ff811cc0000 - 0x00007ff811d18000 	C:\Windows\system32\dataexchange.dll
0x00007ff828610000 - 0x00007ff82891b000 	C:\Windows\system32\d3d11.dll
0x00007ff828ef0000 - 0x00007ff82908c000 	C:\Windows\system32\dcomp.dll
0x00007ff829b20000 - 0x00007ff829cd8000 	C:\Windows\system32\twinapi.appcore.dll
0x00007ff829ac0000 - 0x00007ff829ae9000 	C:\Windows\system32\RMCLIENT.dll
0x0000000180000000 - 0x0000000180025000 	D:\Schule\Diplomarbeit\EasyVision\lib\rxtxSerial.dll
0x00007ff826030000 - 0x00007ff8261f9000 	C:\Windows\SYSTEM32\dbghelp.dll

VM Arguments:
jvm_args: -Djava.library.path=D:\Schule\Diplomarbeit\EasyVision\opencv\build\java;D:\Schule\Diplomarbeit\EasyVision\lib -Dfile.encoding=Cp1252 
java_command: main.MainFrame
java_class_path (initial): D:\java\lib\resources.jar;D:\java\lib\rt.jar;D:\java\lib\jsse.jar;D:\java\lib\jce.jar;D:\java\lib\charsets.jar;D:\java\lib\jfr.jar;D:\java\lib\ext\access-bridge-64.jar;D:\java\lib\ext\cldrdata.jar;D:\java\lib\ext\dnsns.jar;D:\java\lib\ext\jaccess.jar;D:\java\lib\ext\jfxrt.jar;D:\java\lib\ext\localedata.jar;D:\java\lib\ext\nashorn.jar;D:\java\lib\ext\sunec.jar;D:\java\lib\ext\sunjce_provider.jar;D:\java\lib\ext\sunmscapi.jar;D:\java\lib\ext\sunpkcs11.jar;D:\java\lib\ext\zipfs.jar;D:\Schule\Diplomarbeit\EasyVision\bin;D:\Schule\Diplomarbeit\EasyVision\opencv\build\java\opencv-341.jar;D:\Schule\Diplomarbeit\EasyVision\miglayout15-swing.jar;D:\Schule\Diplomarbeit\EasyVision\lib\annotations-3.0.1.jar;D:\Schule\Diplomarbeit\EasyVision\lib\guava-27.0.1-jre.jar;D:\Schule\Diplomarbeit\EasyVision\lib\javassist-3.24.1-GA.jar;D:\Schule\Diplomarbeit\EasyVision\lib\reflections-0.9.10.jar;D:\Schule\Diplomarbeit\EasyVision\lib\RXTXcomm.jar
Launcher Type: SUN_STANDARD

Environment Variables:
PATH=D:/java/bin/server;D:/java/bin;D:/java/lib/amd64;D:\Program Files (x86)\Rockwell Software\RSCommon;C:\Program Files (x86)\Common Files\Oracle\Java\javapath;C:\Program Files (x86)\Razer Chroma SDK\bin;C:\Program Files\Razer Chroma SDK\bin;C:\Program Files (x86)\Intel\Intel(R) Management Engine Components\iCLS\;C:\Program Files\Intel\Intel(R) Management Engine Components\iCLS\;C:\Windows\system32;C:\Windows;C:\Windows\System32\Wbem;C:\Windows\System32\WindowsPowerShell\v1.0\;C:\Windows\System32\OpenSSH\;C:\Program Files (x86)\Intel\Intel(R) Management Engine Components\DAL;C:\Program Files\Intel\Intel(R) Management Engine Components\DAL;C:\Program Files\Intel\WiFi\bin\;C:\Program Files\Common Files\Intel\WirelessCommon\;C:\Program Files (x86)\NVIDIA Corporation\PhysX\Common;C:\Users\Administrator\AppData\Local\Microsoft\WindowsApps;C:\Program Files\Intel\WiFi\bin\;C:\Program Files\Common Files\Intel\WirelessCommon\;C:\Program Files\NVIDIA Corporation\NVIDIA NvDLISR;D:\xampp\mysql\bin;D:\Program Files\Git\cmd;C:\Python\Python37\Scripts\;C:\Python\Python37\;C:\Users\Simsen\AppData\Local\Microsoft\WindowsApps;C:\Users\Simsen\AppData\Local\GitHubDesktop\bin;D:\Users\Simsen\AppData\Local\Programs\MiKTeX 2.9\miktex\bin\x64\;D:\Desktop;
USERNAME=Simsen
OS=Windows_NT
PROCESSOR_IDENTIFIER=Intel64 Family 6 Model 158 Stepping 10, GenuineIntel



---------------  S Y S T E M  ---------------

OS: Windows 10.0 , 64 bit Build 17134 (10.0.17134.648)

CPU:total 12 (initial active 12) (6 cores per cpu, 2 threads per core) family 6 model 158 stepping 10, cmov, cx8, fxsr, mmx, sse, sse2, sse3, ssse3, sse4.1, sse4.2, popcnt, avx, avx2, aes, clmul, erms, 3dnowpref, lzcnt, ht, tsc, tscinvbit, bmi1, bmi2, adx

Memory: 4k page, physical 16674640k(8324448k free), swap 21655376k(10040708k free)

vm_info: Java HotSpot(TM) 64-Bit Server VM (25.201-b09) for windows-amd64 JRE (1.8.0_201-b09), built on Dec 15 2018 18:36:39 by "java_re" with MS VC++ 10.0 (VS2010)

time: Mon Mar 18 19:02:34 2019
timezone: Mitteleuropäische Zeit
elapsed time: 120 seconds (0d 0h 2m 0s)

