#
# A fatal error has been detected by the Java Runtime Environment:
#
#  EXCEPTION_ACCESS_VIOLATION (0xc0000005) at pc=0x0000000180005b6b, pid=16520, tid=0x0000000000005090
#
# JRE version: Java(TM) SE Runtime Environment (8.0_201-b09) (build 1.8.0_201-b09)
# Java VM: Java HotSpot(TM) 64-Bit Server VM (25.201-b09 mixed mode windows-amd64 compressed oops)
# Problematic frame:
# C  [rxtxSerial.dll+0x5b6b]
#
# Failed to write core dump. Minidumps are not enabled by default on client versions of Windows
#
# If you would like to submit a bug report, please visit:
#   http://bugreport.java.com/bugreport/crash.jsp
# The crash happened outside the Java Virtual Machine in native code.
# See problematic frame for where to report the bug.
#

---------------  T H R E A D  ---------------

Current thread (0x000000001e487800):  JavaThread "Thread-3" [_thread_in_native, id=20624, stack(0x000000002a980000,0x000000002aa80000)]

siginfo: ExceptionCode=0xc0000005, writing address 0x000000002a97efb8

Registers:
RAX=0x00000000ffffffff, RBX=0x0000000000000000, RCX=0x854dadba77b50000, RDX=0x0000000000000000
RSP=0x000000002aa7e9d0, RBP=0x00000000ffffffff, RSI=0x0000000000000006, RDI=0x0000000000000001
R8 =0x000000002aa7e4b0, R9 =0x0000000180000000, R10=0x0000000000000000, R11=0x0000000000000200
R12=0x000000002a97efb0, R13=0x0000000000000001, R14=0x0000000000000000, R15=0x0000000000000000
RIP=0x0000000180005b6b, EFLAGS=0x0000000000010286

Top of Stack: (sp=0x000000002aa7e9d0)
0x000000002aa7e9d0:   0000000000000000 0000000000000000
0x000000002aa7e9e0:   0000000000000000 0000000000000000
0x000000002aa7e9f0:   0000000000000000 000000002aa7eb30
0x000000002aa7ea00:   00000000000036a0 0000000000000001
0x000000002aa7ea10:   000000001e4879f8 0000000000000001
0x000000002aa7ea20:   ffffffffffffffff 0000000180006211
0x000000002aa7ea30:   000000002056f1d0 0000000000000001
0x000000002aa7ea40:   0000000000000001 000000002056f1d0
0x000000002aa7ea50:   0000000000000001 00000000ffffffff
0x000000002aa7ea60:   000000002aa7eb28 000000001e4879f8
0x000000002aa7ea70:   000000002aa7eb60 0000000180006920
0x000000002aa7ea80:   000000001e4879f8 000000004004667f
0x000000002aa7ea90:   000000002aa7eaa0 fffffffffffff8b8
0x000000002aa7eaa0:   0000000700000000 0000dd315dd69226
0x000000002aa7eab0:   00000006c4891188 00000000000036a0
0x000000002aa7eac0:   000000001e487800 0000000000000308 

Instructions: (pc=0x0000000180005b6b)
0x0000000180005b4b:   31 00 00 85 c0 78 33 74 06 03 d8 2b f8 eb 0a b9
0x0000000180005b5b:   e8 03 00 00 e8 1c 1c 00 00 41 3b dd 7c b7 8b c3
0x0000000180005b6b:   45 89 74 24 08 48 8b 5c 24 60 48 83 c4 20 41 5f
0x0000000180005b7b:   41 5e 41 5d 41 5c 5f 5e 5d c3 e8 1e 61 00 00 83 


Register to memory mapping:

RAX=0x00000000ffffffff is an unknown value
RBX=0x0000000000000000 is an unknown value
RCX=0x854dadba77b50000 is an unknown value
RDX=0x0000000000000000 is an unknown value
RSP=0x000000002aa7e9d0 is pointing into the stack for thread: 0x000000001e487800
RBP=0x00000000ffffffff is an unknown value
RSI=0x0000000000000006 is an unknown value
RDI=0x0000000000000001 is an unknown value
R8 =0x000000002aa7e4b0 is pointing into the stack for thread: 0x000000001e487800
R9 =0x0000000180000000 is an unknown value
R10=0x0000000000000000 is an unknown value
R11=0x0000000000000200 is an unknown value
R12=0x000000002a97efb0 is an unknown value
R13=0x0000000000000001 is an unknown value
R14=0x0000000000000000 is an unknown value
R15=0x0000000000000000 is an unknown value


Stack: [0x000000002a980000,0x000000002aa80000],  sp=0x000000002aa7e9d0,  free space=1018k
Native frames: (J=compiled Java code, j=interpreted, Vv=VM code, C=native code)
C  [rxtxSerial.dll+0x5b6b]
C  [rxtxSerial.dll+0x6211]
C  0x000000000341709a

Java frames: (J=compiled Java code, j=interpreted, Vv=VM code)
J 3157  gnu.io.RXTXPort.readArray([BII)I (0 bytes) @ 0x0000000003417014 [0x0000000003416fc0+0x54]
J 3156 C1 gnu.io.RXTXPort$SerialInputStream.read([BII)I (305 bytes) @ 0x00000000037d1384 [0x00000000037d0a00+0x984]
J 3152 C1 sun.nio.cs.StreamDecoder.readBytes()I (289 bytes) @ 0x00000000038d527c [0x00000000038d4b20+0x75c]
J 3175 C1 sun.nio.cs.StreamDecoder.implRead([CII)I (243 bytes) @ 0x00000000033b1164 [0x00000000033b05e0+0xb84]
J 3159 C1 sun.nio.cs.StreamDecoder.read([CII)I (196 bytes) @ 0x00000000033b63d4 [0x00000000033b5ba0+0x834]
J 3158 C1 java.io.InputStreamReader.read([CII)I (11 bytes) @ 0x00000000038d4694 [0x00000000038d4600+0x94]
J 3163 C1 java.io.BufferedReader.fill()V (170 bytes) @ 0x00000000033de09c [0x00000000033ddc40+0x45c]
J 36 C1 java.io.BufferedReader.readLine(Z)Ljava/lang/String; (304 bytes) @ 0x00000000030593bc [0x00000000030590e0+0x2dc]
J 2301 C1 java.io.BufferedReader.readLine()Ljava/lang/String; (6 bytes) @ 0x000000000372ead4 [0x000000000372ea40+0x94]
j  arduino.serial.SerialReadingThread.run()V+17
v  ~StubRoutines::call_stub

---------------  P R O C E S S  ---------------

Java Threads: ( => current thread )
  0x00000000295aa800 JavaThread "Thread-173" [_thread_blocked, id=19168, stack(0x0000000061d80000,0x0000000061e80000)]
=>0x000000001e487800 JavaThread "Thread-3" [_thread_in_native, id=20624, stack(0x000000002a980000,0x000000002aa80000)]
  0x000000002074c800 JavaThread "TimerQueue" daemon [_thread_blocked, id=15500, stack(0x000000002a780000,0x000000002a880000)]
  0x0000000002d3e000 JavaThread "DestroyJavaVM" [_thread_blocked, id=20260, stack(0x0000000002d40000,0x0000000002e40000)]
  0x0000000020461000 JavaThread "AWT-EventQueue-0" [_thread_blocked, id=24304, stack(0x0000000028eb0000,0x0000000028fb0000)]
  0x0000000020117800 JavaThread "AWT-Windows" daemon [_thread_in_native, id=2576, stack(0x0000000020a60000,0x0000000020b60000)]
  0x0000000020160000 JavaThread "AWT-Shutdown" [_thread_blocked, id=13772, stack(0x0000000020960000,0x0000000020a60000)]
  0x000000002015f800 JavaThread "Java2D Disposer" daemon [_thread_blocked, id=22540, stack(0x0000000020860000,0x0000000020960000)]
  0x000000001e315000 JavaThread "Service Thread" daemon [_thread_blocked, id=12348, stack(0x000000001fcf0000,0x000000001fdf0000)]
  0x000000001e281000 JavaThread "C1 CompilerThread3" daemon [_thread_blocked, id=11716, stack(0x000000001fbf0000,0x000000001fcf0000)]
  0x000000001e27f800 JavaThread "C2 CompilerThread2" daemon [_thread_blocked, id=26384, stack(0x000000001faf0000,0x000000001fbf0000)]
  0x000000001e276800 JavaThread "C2 CompilerThread1" daemon [_thread_blocked, id=14780, stack(0x000000001f9f0000,0x000000001faf0000)]
  0x000000001e270000 JavaThread "C2 CompilerThread0" daemon [_thread_blocked, id=18768, stack(0x000000001f8f0000,0x000000001f9f0000)]
  0x000000001e26e800 JavaThread "Attach Listener" daemon [_thread_blocked, id=12408, stack(0x000000001f7f0000,0x000000001f8f0000)]
  0x000000001cb8e800 JavaThread "Signal Dispatcher" daemon [_thread_blocked, id=21700, stack(0x000000001f6f0000,0x000000001f7f0000)]
  0x000000001e263800 JavaThread "Finalizer" daemon [_thread_blocked, id=27492, stack(0x000000001f4d0000,0x000000001f5d0000)]
  0x000000001cb7c800 JavaThread "Reference Handler" daemon [_thread_blocked, id=21300, stack(0x000000001f3d0000,0x000000001f4d0000)]

Other Threads:
  0x000000001cb76800 VMThread [stack: 0x000000001f2d0000,0x000000001f3d0000] [id=6900]
  0x000000001e32f800 WatcherThread [stack: 0x000000001fdf0000,0x000000001fef0000] [id=26628]

VM state:at safepoint (normal execution)

VM Mutex/Monitor currently owned by a thread:  ([mutex/lock_event])
[0x0000000002d3d490] Threads_lock - owner thread: 0x000000001cb76800
[0x0000000002d3d890] Heap_lock - owner thread: 0x00000000295aa800

heap address: 0x00000006c1800000, size: 4072 MB, Compressed Oops mode: Zero based, Oop shift amount: 3
Narrow klass base: 0x0000000000000000, Narrow klass shift: 3
Compressed class space size: 1073741824 Address: 0x00000007c0000000

Heap:
 PSYoungGen      total 377344K, used 5624K [0x000000076b300000, 0x0000000782980000, 0x00000007c0000000)
  eden space 371200K, 0% used [0x000000076b300000,0x000000076b300000,0x0000000781d80000)
  from space 6144K, 91% used [0x0000000781d80000,0x00000007822fe060,0x0000000782380000)
  to   space 6144K, 0% used [0x0000000782380000,0x0000000782380000,0x0000000782980000)
 ParOldGen       total 303104K, used 87138K [0x00000006c1800000, 0x00000006d4000000, 0x000000076b300000)
  object space 303104K, 28% used [0x00000006c1800000,0x00000006c6d18b68,0x00000006d4000000)
 Metaspace       used 18253K, capacity 18690K, committed 18816K, reserved 1064960K
  class space    used 2302K, capacity 2405K, committed 2432K, reserved 1048576K

Card table byte_map: [0x0000000012300000,0x0000000012b00000] byte_map_base: 0x000000000ecf4000

Marking Bits: (ParMarkBitMap*) 0x00000000741a4ce0
 Begin Bits: [0x0000000013a50000, 0x00000000179f0000)
 End Bits:   [0x00000000179f0000, 0x000000001b990000)

Polling page: 0x0000000000df0000

CodeCache: size=245760Kb used=9550Kb max_used=9841Kb free=236209Kb
 bounds [0x0000000002f40000, 0x00000000038f0000, 0x0000000011f40000]
 total_blobs=3528 nmethods=2814 adapters=626
 compilation: enabled

Compilation events (10 events):
Event: 95.040 Thread 0x000000001e281000 3263       3       com.sun.java.swing.plaf.windows.WindowsIconFactory$VistaMenuItemCheckIconFactory$VistaMenuItemCheckIcon::getAccessor (86 bytes)
Event: 95.040 Thread 0x000000001e281000 nmethod 3263 0x00000000036a2750 code [0x00000000036a2940, 0x00000000036a36f0]
Event: 95.598 Thread 0x000000001e281000 3264   !   3       java.awt.Container::mixOnHiding (79 bytes)
Event: 95.598 Thread 0x000000001e270000 3267       4       java.util.AbstractSet::<init> (5 bytes)
Event: 95.599 Thread 0x000000001e270000 nmethod 3267 0x000000000337c910 code [0x000000000337ca40, 0x000000000337ca98]
Event: 95.599 Thread 0x000000001e281000 nmethod 3264 0x0000000003790a10 code [0x0000000003790ca0, 0x0000000003791d78]
Event: 95.599 Thread 0x000000001e281000 3266       3       java.awt.Component::getContainingWindow (5 bytes)
Event: 95.599 Thread 0x000000001e281000 nmethod 3266 0x000000000329b7d0 code [0x000000000329b960, 0x000000000329be88]
Event: 95.600 Thread 0x000000001e281000 3265   !   3       java.awt.Component::mixOnHiding (84 bytes)
Event: 95.601 Thread 0x000000001e281000 nmethod 3265 0x0000000003789f90 code [0x000000000378a220, 0x000000000378b418]

GC Heap History (10 events):
Event: 95.527 GC heap before
{Heap before GC invocations=5182 (full 2589):
 PSYoungGen      total 377344K, used 5624K [0x000000076b300000, 0x0000000782980000, 0x00000007c0000000)
  eden space 371200K, 0% used [0x000000076b300000,0x000000076b300000,0x0000000781d80000)
  from space 6144K, 91% used [0x0000000781d80000,0x00000007822fe060,0x0000000782380000)
  to   space 6144K, 0% used [0x0000000782380000,0x0000000782380000,0x0000000782980000)
 ParOldGen       total 303104K, used 87087K [0x00000006c1800000, 0x00000006d4000000, 0x000000076b300000)
  object space 303104K, 28% used [0x00000006c1800000,0x00000006c6d0bc58,0x00000006d4000000)
 Metaspace       used 18249K, capacity 18690K, committed 18816K, reserved 1064960K
  class space    used 2302K, capacity 2405K, committed 2432K, reserved 1048576K
Event: 95.539 GC heap after
Heap after GC invocations=5182 (full 2589):
 PSYoungGen      total 377344K, used 0K [0x000000076b300000, 0x0000000782980000, 0x00000007c0000000)
  eden space 371200K, 0% used [0x000000076b300000,0x000000076b300000,0x0000000781d80000)
  from space 6144K, 0% used [0x0000000781d80000,0x0000000781d80000,0x0000000782380000)
  to   space 6144K, 0% used [0x0000000782380000,0x0000000782380000,0x0000000782980000)
 ParOldGen       total 303104K, used 87086K [0x00000006c1800000, 0x00000006d4000000, 0x000000076b300000)
  object space 303104K, 28% used [0x00000006c1800000,0x00000006c6d0bbc0,0x00000006d4000000)
 Metaspace       used 18249K, capacity 18690K, committed 18816K, reserved 1064960K
  class space    used 2302K, capacity 2405K, committed 2432K, reserved 1048576K
}
Event: 95.555 GC heap before
{Heap before GC invocations=5183 (full 2589):
 PSYoungGen      total 377344K, used 6972K [0x000000076b300000, 0x0000000782980000, 0x00000007c0000000)
  eden space 371200K, 1% used [0x000000076b300000,0x000000076b9cf2e0,0x0000000781d80000)
  from space 6144K, 0% used [0x0000000781d80000,0x0000000781d80000,0x0000000782380000)
  to   space 6144K, 0% used [0x0000000782380000,0x0000000782380000,0x0000000782980000)
 ParOldGen       total 303104K, used 87086K [0x00000006c1800000, 0x00000006d4000000, 0x000000076b300000)
  object space 303104K, 28% used [0x00000006c1800000,0x00000006c6d0bbc0,0x00000006d4000000)
 Metaspace       used 18249K, capacity 18690K, committed 18816K, reserved 1064960K
  class space    used 2302K, capacity 2405K, committed 2432K, reserved 1048576K
Event: 95.556 GC heap after
Heap after GC invocations=5183 (full 2589):
 PSYoungGen      total 377344K, used 5624K [0x000000076b300000, 0x0000000782980000, 0x00000007c0000000)
  eden space 371200K, 0% used [0x000000076b300000,0x000000076b300000,0x0000000781d80000)
  from space 6144K, 91% used [0x0000000782380000,0x00000007828fe060,0x0000000782980000)
  to   space 6144K, 0% used [0x0000000781d80000,0x0000000781d80000,0x0000000782380000)
 ParOldGen       total 303104K, used 87086K [0x00000006c1800000, 0x00000006d4000000, 0x000000076b300000)
  object space 303104K, 28% used [0x00000006c1800000,0x00000006c6d0bbc0,0x00000006d4000000)
 Metaspace       used 18249K, capacity 18690K, committed 18816K, reserved 1064960K
  class space    used 2302K, capacity 2405K, committed 2432K, reserved 1048576K
}
Event: 95.556 GC heap before
{Heap before GC invocations=5184 (full 2590):
 PSYoungGen      total 377344K, used 5624K [0x000000076b300000, 0x0000000782980000, 0x00000007c0000000)
  eden space 371200K, 0% used [0x000000076b300000,0x000000076b300000,0x0000000781d80000)
  from space 6144K, 91% used [0x0000000782380000,0x00000007828fe060,0x0000000782980000)
  to   space 6144K, 0% used [0x0000000781d80000,0x0000000781d80000,0x0000000782380000)
 ParOldGen       total 303104K, used 87086K [0x00000006c1800000, 0x00000006d4000000, 0x000000076b300000)
  object space 303104K, 28% used [0x00000006c1800000,0x00000006c6d0bbc0,0x00000006d4000000)
 Metaspace       used 18249K, capacity 18690K, committed 18816K, reserved 1064960K
  class space    used 2302K, capacity 2405K, committed 2432K, reserved 1048576K
Event: 95.567 GC heap after
Heap after GC invocations=5184 (full 2590):
 PSYoungGen      total 377344K, used 0K [0x000000076b300000, 0x0000000782980000, 0x00000007c0000000)
  eden space 371200K, 0% used [0x000000076b300000,0x000000076b300000,0x0000000781d80000)
  from space 6144K, 0% used [0x0000000782380000,0x0000000782380000,0x0000000782980000)
  to   space 6144K, 0% used [0x0000000781d80000,0x0000000781d80000,0x0000000782380000)
 ParOldGen       total 303104K, used 87088K [0x00000006c1800000, 0x00000006d4000000, 0x000000076b300000)
  object space 303104K, 28% used [0x00000006c1800000,0x00000006c6d0c058,0x00000006d4000000)
 Metaspace       used 18249K, capacity 18690K, committed 18816K, reserved 1064960K
  class space    used 2302K, capacity 2405K, committed 2432K, reserved 1048576K
}
Event: 95.583 GC heap before
{Heap before GC invocations=5185 (full 2590):
 PSYoungGen      total 377344K, used 6044K [0x000000076b300000, 0x0000000782980000, 0x00000007c0000000)
  eden space 371200K, 1% used [0x000000076b300000,0x000000076b8e72e0,0x0000000781d80000)
  from space 6144K, 0% used [0x0000000782380000,0x0000000782380000,0x0000000782980000)
  to   space 6144K, 0% used [0x0000000781d80000,0x0000000781d80000,0x0000000782380000)
 ParOldGen       total 303104K, used 87088K [0x00000006c1800000, 0x00000006d4000000, 0x000000076b300000)
  object space 303104K, 28% used [0x00000006c1800000,0x00000006c6d0c058,0x00000006d4000000)
 Metaspace       used 18249K, capacity 18690K, committed 18816K, reserved 1064960K
  class space    used 2302K, capacity 2405K, committed 2432K, reserved 1048576K
Event: 95.585 GC heap after
Heap after GC invocations=5185 (full 2590):
 PSYoungGen      total 377344K, used 5656K [0x000000076b300000, 0x0000000782980000, 0x00000007c0000000)
  eden space 371200K, 0% used [0x000000076b300000,0x000000076b300000,0x0000000781d80000)
  from space 6144K, 92% used [0x0000000781d80000,0x0000000782306060,0x0000000782380000)
  to   space 6144K, 0% used [0x0000000782380000,0x0000000782380000,0x0000000782980000)
 ParOldGen       total 303104K, used 87088K [0x00000006c1800000, 0x00000006d4000000, 0x000000076b300000)
  object space 303104K, 28% used [0x00000006c1800000,0x00000006c6d0c058,0x00000006d4000000)
 Metaspace       used 18249K, capacity 18690K, committed 18816K, reserved 1064960K
  class space    used 2302K, capacity 2405K, committed 2432K, reserved 1048576K
}
Event: 95.585 GC heap before
{Heap before GC invocations=5186 (full 2591):
 PSYoungGen      total 377344K, used 5656K [0x000000076b300000, 0x0000000782980000, 0x00000007c0000000)
  eden space 371200K, 0% used [0x000000076b300000,0x000000076b300000,0x0000000781d80000)
  from space 6144K, 92% used [0x0000000781d80000,0x0000000782306060,0x0000000782380000)
  to   space 6144K, 0% used [0x0000000782380000,0x0000000782380000,0x0000000782980000)
 ParOldGen       total 303104K, used 87088K [0x00000006c1800000, 0x00000006d4000000, 0x000000076b300000)
  object space 303104K, 28% used [0x00000006c1800000,0x00000006c6d0c058,0x00000006d4000000)
 Metaspace       used 18249K, capacity 18690K, committed 18816K, reserved 1064960K
  class space    used 2302K, capacity 2405K, committed 2432K, reserved 1048576K
Event: 95.596 GC heap after
Heap after GC invocations=5186 (full 2591):
 PSYoungGen      total 377344K, used 0K [0x000000076b300000, 0x0000000782980000, 0x00000007c0000000)
  eden space 371200K, 0% used [0x000000076b300000,0x000000076b300000,0x0000000781d80000)
  from space 6144K, 0% used [0x0000000781d80000,0x0000000781d80000,0x0000000782380000)
  to   space 6144K, 0% used [0x0000000782380000,0x0000000782380000,0x0000000782980000)
 ParOldGen       total 303104K, used 87089K [0x00000006c1800000, 0x00000006d4000000, 0x000000076b300000)
  object space 303104K, 28% used [0x00000006c1800000,0x00000006c6d0c618,0x00000006d4000000)
 Metaspace       used 18249K, capacity 18690K, committed 18816K, reserved 1064960K
  class space    used 2302K, capacity 2405K, committed 2432K, reserved 1048576K
}

Deoptimization events (10 events):
Event: 27.312 Thread 0x0000000020461000 Uncommon trap: reason=unstable_if action=reinterpret pc=0x00000000037d011c method=java.awt.LightweightDispatcher.trackMouseEnterExit(Ljava/awt/Component;Ljava/awt/event/MouseEvent;)V @ 30
Event: 27.312 Thread 0x0000000020461000 Uncommon trap: reason=unstable_if action=reinterpret pc=0x0000000003690aa4 method=java.awt.Toolkit$SelectiveAWTEventListener.eventDispatched(Ljava/awt/AWTEvent;)V @ 230
Event: 30.658 Thread 0x0000000020461000 Uncommon trap: reason=class_check action=maybe_recompile pc=0x00000000032f04dc method=java.awt.EventQueue.setCurrentEventAndMostRecentTimeImpl(Ljava/awt/AWTEvent;)V @ 53
Event: 30.659 Thread 0x0000000020461000 Uncommon trap: reason=class_check action=maybe_recompile pc=0x00000000032f04dc method=java.awt.EventQueue.setCurrentEventAndMostRecentTimeImpl(Ljava/awt/AWTEvent;)V @ 53
Event: 30.739 Thread 0x0000000020461000 Uncommon trap: reason=class_check action=maybe_recompile pc=0x00000000032f04dc method=java.awt.EventQueue.setCurrentEventAndMostRecentTimeImpl(Ljava/awt/AWTEvent;)V @ 53
Event: 30.852 Thread 0x0000000020461000 Uncommon trap: reason=class_check action=maybe_recompile pc=0x00000000032f04dc method=java.awt.EventQueue.setCurrentEventAndMostRecentTimeImpl(Ljava/awt/AWTEvent;)V @ 53
Event: 38.195 Thread 0x0000000020461000 Uncommon trap: reason=unstable_if action=reinterpret pc=0x00000000037b68dc method=java.util.concurrent.locks.AbstractQueuedSynchronizer.isOnSyncQueue(Ljava/util/concurrent/locks/AbstractQueuedSynchronizer$Node;)Z @ 22
Event: 89.127 Thread 0x0000000020461000 Uncommon trap: reason=unstable_if action=reinterpret pc=0x00000000037a04c8 method=java.awt.EventQueue.getPriority(Ljava/awt/AWTEvent;)I @ 22
Event: 89.127 Thread 0x0000000020461000 Uncommon trap: reason=unstable_if action=reinterpret pc=0x00000000038d0518 method=java.awt.EventQueue.cacheEQItem(Lsun/awt/EventQueueItem;)V @ 23
Event: 89.128 Thread 0x0000000020461000 Uncommon trap: reason=unstable_if action=reinterpret pc=0x0000000003115ef4 method=java.awt.EventQueue.uncacheEQItem(Lsun/awt/EventQueueItem;)V @ 23

Classes redefined (0 events):
No events

Internal exceptions (10 events):
Event: 1.262 Thread 0x0000000002d3e000 Exception <a 'java/lang/NoSuchMethodError': <clinit>> (0x000000076e64eac0) thrown at [C:\re\workspace\8-2-build-windows-amd64-cygwin\jdk8u201\12322\hotspot\src\share\vm\prims\jni.cpp, line 1613]
Event: 1.262 Thread 0x0000000002d3e000 Exception <a 'java/lang/NoSuchMethodError': <clinit>> (0x000000076e65b8e0) thrown at [C:\re\workspace\8-2-build-windows-amd64-cygwin\jdk8u201\12322\hotspot\src\share\vm\prims\jni.cpp, line 1613]
Event: 9.844 Thread 0x0000000020461000 Exception <a 'java/io/FileNotFoundException'> (0x000000076c475dd8) thrown at [C:\re\workspace\8-2-build-windows-amd64-cygwin\jdk8u201\12322\hotspot\src\share\vm\prims\jni.cpp, line 709]
Event: 9.846 Thread 0x0000000020461000 Exception <a 'java/io/FileNotFoundException'> (0x000000076c48c4f0) thrown at [C:\re\workspace\8-2-build-windows-amd64-cygwin\jdk8u201\12322\hotspot\src\share\vm\prims\jni.cpp, line 709]
Event: 9.846 Thread 0x0000000020461000 Exception <a 'java/io/FileNotFoundException'> (0x000000076c49c6b8) thrown at [C:\re\workspace\8-2-build-windows-amd64-cygwin\jdk8u201\12322\hotspot\src\share\vm\prims\jni.cpp, line 709]
Event: 9.847 Thread 0x0000000020461000 Exception <a 'java/io/FileNotFoundException'> (0x000000076c4b28a8) thrown at [C:\re\workspace\8-2-build-windows-amd64-cygwin\jdk8u201\12322\hotspot\src\share\vm\prims\jni.cpp, line 709]
Event: 24.633 Thread 0x0000000020461000 Implicit null exception at 0x000000000353709c to 0x000000000353871d
Event: 94.350 Thread 0x0000000020461000 Exception <a 'java/io/FileNotFoundException'> (0x000000076b7d3328) thrown at [C:\re\workspace\8-2-build-windows-amd64-cygwin\jdk8u201\12322\hotspot\src\share\vm\prims\jni.cpp, line 709]
Event: 94.351 Thread 0x0000000020461000 Exception <a 'java/io/FileNotFoundException'> (0x000000076b7e9518) thrown at [C:\re\workspace\8-2-build-windows-amd64-cygwin\jdk8u201\12322\hotspot\src\share\vm\prims\jni.cpp, line 709]
Event: 95.598 Thread 0x000000001e487800 Exception <a 'java/lang/InterruptedException': sleep interrupted> (0x000000076ba6dd48) thrown at [C:\re\workspace\8-2-build-windows-amd64-cygwin\jdk8u201\12322\hotspot\src\share\vm\prims\jvm.cpp, line 3340]

Events (10 events):
Event: 95.497 Executing VM operation: ParallelGCSystemGC
Event: 95.510 Executing VM operation: ParallelGCSystemGC done
Event: 95.526 Executing VM operation: ParallelGCSystemGC
Event: 95.539 Executing VM operation: ParallelGCSystemGC done
Event: 95.555 Executing VM operation: ParallelGCSystemGC
Event: 95.567 Executing VM operation: ParallelGCSystemGC done
Event: 95.583 Executing VM operation: ParallelGCSystemGC
Event: 95.596 Executing VM operation: ParallelGCSystemGC done
Event: 95.601 Thread 0x000000001e281000 flushing nmethod 0x00000000037ad950
Event: 95.606 Thread 0x0000000020065000 Thread exited: 0x0000000020065000


Dynamic libraries:
0x00007ff72e7a0000 - 0x00007ff72e7d7000 	D:\java\bin\javaw.exe
0x00007ff82ef60000 - 0x00007ff82f141000 	C:\Windows\SYSTEM32\ntdll.dll
0x00007ff80d990000 - 0x00007ff80d9a2000 	C:\Program Files\AVAST Software\Avast\aswhook.dll
0x00007ff82e2d0000 - 0x00007ff82e382000 	C:\Windows\System32\KERNEL32.DLL
0x00007ff82b500000 - 0x00007ff82b773000 	C:\Windows\System32\KERNELBASE.dll
0x00007ff82eb50000 - 0x00007ff82ebf1000 	C:\Windows\System32\ADVAPI32.dll
0x00007ff82ec60000 - 0x00007ff82ecfe000 	C:\Windows\System32\msvcrt.dll
0x00007ff82e520000 - 0x00007ff82e57b000 	C:\Windows\System32\sechost.dll
0x00007ff82d860000 - 0x00007ff82d984000 	C:\Windows\System32\RPCRT4.dll
0x00007ff82e130000 - 0x00007ff82e2c0000 	C:\Windows\System32\USER32.dll
0x00007ff82bf90000 - 0x00007ff82bfb0000 	C:\Windows\System32\win32u.dll
0x00007ff82d830000 - 0x00007ff82d858000 	C:\Windows\System32\GDI32.dll
0x00007ff82c250000 - 0x00007ff82c3e2000 	C:\Windows\System32\gdi32full.dll
0x00007ff82b3b0000 - 0x00007ff82b44f000 	C:\Windows\System32\msvcp_win.dll
0x00007ff82b780000 - 0x00007ff82b878000 	C:\Windows\System32\ucrtbase.dll
0x00007ff812930000 - 0x00007ff812b99000 	C:\Windows\WinSxS\amd64_microsoft.windows.common-controls_6595b64144ccf1df_6.0.17134.648_none_fb45a0e93062a6d2\COMCTL32.dll
0x00007ff82de00000 - 0x00007ff82e122000 	C:\Windows\System32\combase.dll
0x00007ff82b330000 - 0x00007ff82b3aa000 	C:\Windows\System32\bcryptPrimitives.dll
0x00007ff82ea80000 - 0x00007ff82eaad000 	C:\Windows\System32\IMM32.DLL
0x00000000737c0000 - 0x0000000073891000 	D:\java\bin\msvcr100.dll
0x0000000073980000 - 0x0000000074224000 	D:\java\bin\server\jvm.dll
0x00007ff82e2c0000 - 0x00007ff82e2c8000 	C:\Windows\System32\PSAPI.DLL
0x00007ff81b4c0000 - 0x00007ff81b4c9000 	C:\Windows\SYSTEM32\WSOCK32.dll
0x00007ff82ed00000 - 0x00007ff82ed6c000 	C:\Windows\System32\WS2_32.dll
0x00007ff823d10000 - 0x00007ff823d33000 	C:\Windows\SYSTEM32\WINMM.dll
0x00007ff826d30000 - 0x00007ff826d3a000 	C:\Windows\SYSTEM32\VERSION.dll
0x00007ff823ce0000 - 0x00007ff823d0a000 	C:\Windows\SYSTEM32\WINMMBASE.dll
0x00007ff82b4b0000 - 0x00007ff82b4f9000 	C:\Windows\System32\cfgmgr32.dll
0x00007ff822670000 - 0x00007ff82267f000 	D:\java\bin\verify.dll
0x00007ff81c3c0000 - 0x00007ff81c3e9000 	D:\java\bin\java.dll
0x00007ff822100000 - 0x00007ff822116000 	D:\java\bin\zip.dll
0x00007ff82c3f0000 - 0x00007ff82d830000 	C:\Windows\System32\SHELL32.dll
0x00007ff82e9d0000 - 0x00007ff82ea79000 	C:\Windows\System32\shcore.dll
0x00007ff82b880000 - 0x00007ff82bf8d000 	C:\Windows\System32\windows.storage.dll
0x00007ff82ed70000 - 0x00007ff82edc1000 	C:\Windows\System32\shlwapi.dll
0x00007ff82b310000 - 0x00007ff82b321000 	C:\Windows\System32\kernel.appcore.dll
0x00007ff82b2d0000 - 0x00007ff82b2ef000 	C:\Windows\System32\profapi.dll
0x00007ff82b280000 - 0x00007ff82b2cc000 	C:\Windows\System32\powrprof.dll
0x00007ff82b270000 - 0x00007ff82b27a000 	C:\Windows\System32\FLTLIB.DLL
0x00007ffff6a90000 - 0x00007ffff6c29000 	D:\java\bin\awt.dll
0x00007ff82db80000 - 0x00007ff82dc43000 	C:\Windows\System32\OLEAUT32.dll
0x00007ff8295d0000 - 0x00007ff82965b000 	C:\Windows\SYSTEM32\apphelp.dll
0x00007ff829900000 - 0x00007ff829998000 	C:\Windows\system32\uxtheme.dll
0x00007ff82e3a0000 - 0x00007ff82e513000 	C:\Windows\System32\MSCTF.dll
0x00007ff8299e0000 - 0x00007ff829a09000 	C:\Windows\system32\dwmapi.dll
0x00007ff82edd0000 - 0x00007ff82ef21000 	C:\Windows\System32\ole32.dll
0x00007fffc3560000 - 0x00007fffc6232000 	D:\Schule\Diplomarbeit\EasyVision\opencv\build\java\x64\opencv_java341.dll
0x00007ff80bb80000 - 0x00007ff80bba9000 	C:\Windows\SYSTEM32\MSVFW32.dll
0x00007ff826ce0000 - 0x00007ff826cff000 	C:\Windows\SYSTEM32\AVIFIL32.dll
0x00007ff81c490000 - 0x00007ff81c4a8000 	C:\Windows\SYSTEM32\AVICAP32.dll
0x00007ff822510000 - 0x00007ff82252c000 	C:\Windows\SYSTEM32\MSACM32.dll
0x0000000066cc0000 - 0x000000006862e000 	D:\Schule\Diplomarbeit\EasyVision\opencv\build\x64\vc15\bin\opencv_ffmpeg341_64.dll
0x00007ff81aef0000 - 0x00007ff81aefc000 	C:\Windows\SYSTEM32\Secur32.dll
0x00007ff82b170000 - 0x00007ff82b1a0000 	C:\Windows\SYSTEM32\SSPICLI.DLL
0x00007ff822120000 - 0x00007ff822240000 	C:\Windows\system32\opengl32.dll
0x00007ff8271d0000 - 0x00007ff8271fc000 	C:\Windows\SYSTEM32\GLU32.dll
0x00007ffff6a40000 - 0x00007ffff6a87000 	D:\java\bin\fontmanager.dll
0x00007ff81c380000 - 0x00007ff81c39a000 	D:\java\bin\net.dll
0x00007ff81dac0000 - 0x00007ff81dc88000 	C:\Windows\SYSTEM32\urlmon.dll
0x00007ff8217d0000 - 0x00007ff821a75000 	C:\Windows\SYSTEM32\iertutil.dll
0x00007ff82acc0000 - 0x00007ff82accb000 	C:\Windows\SYSTEM32\CRYPTBASE.DLL
0x00007ff82aaf0000 - 0x00007ff82ab56000 	C:\Windows\system32\mswsock.dll
0x00007ff81c1e0000 - 0x00007ff81c1f1000 	D:\java\bin\nio.dll
0x00007ff82eab0000 - 0x00007ff82eb50000 	C:\Windows\System32\clbcatq.dll
0x00007ff802930000 - 0x00007ff802947000 	C:\Windows\System32\devenum.dll
0x00007ff82e580000 - 0x00007ff82e9cb000 	C:\Windows\System32\setupapi.dll
0x00007ff82a360000 - 0x00007ff82a391000 	C:\Windows\SYSTEM32\ntmarta.dll
0x00007ff82b080000 - 0x00007ff82b0a7000 	C:\Windows\SYSTEM32\DEVOBJ.dll
0x00007ff82b450000 - 0x00007ff82b4a7000 	C:\Windows\System32\WINTRUST.dll
0x00007ff82b2f0000 - 0x00007ff82b302000 	C:\Windows\System32\MSASN1.dll
0x00007ff82c060000 - 0x00007ff82c242000 	C:\Windows\System32\CRYPT32.dll
0x00007ff822460000 - 0x00007ff82246a000 	C:\Windows\SYSTEM32\msdmo.dll
0x00007ffffd680000 - 0x00007ffffd6b3000 	C:\Windows\System32\qcap.dll
0x00007fffe5510000 - 0x00007fffe56cd000 	C:\Windows\System32\quartz.dll
0x00007ff82add0000 - 0x00007ff82adf5000 	C:\Windows\System32\bcrypt.dll
0x00007ffff5c20000 - 0x00007ffff5c6b000 	C:\Windows\System32\mfksproxy.dll
0x00007ff80cfc0000 - 0x00007ff80cfdd000 	C:\Windows\System32\ATL.DLL
0x00007ff822880000 - 0x00007ff822a5b000 	C:\Windows\System32\MFPlat.DLL
0x00007ff827950000 - 0x00007ff82797e000 	C:\Windows\System32\RTWorkQ.DLL
0x00007ff824c70000 - 0x00007ff824cbe000 	C:\Windows\System32\MFSENSORGROUP.dll
0x00007ffff5bd0000 - 0x00007ffff5c18000 	C:\Windows\System32\ksproxy.ax
0x00007ff827c60000 - 0x00007ff827c69000 	C:\Windows\System32\ksuser.dll
0x00007ff825870000 - 0x00007ff825a07000 	C:\Windows\System32\d3d9.dll
0x00007ff826c40000 - 0x00007ff826cbf000 	C:\Windows\SYSTEM32\policymanager.dll
0x00007ff826a90000 - 0x00007ff826b21000 	C:\Windows\System32\msvcp110_win.dll
0x00007ff827c50000 - 0x00007ff827c5c000 	C:\Windows\System32\vidcap.ax
0x00007ff827160000 - 0x00007ff827186000 	C:\Windows\System32\kswdmcap.ax
0x00007ffff2890000 - 0x00007ffff29f4000 	C:\Windows\System32\MFC42.dll
0x00007ffff4470000 - 0x00007ffff450f000 	C:\Windows\System32\qedit.dll
0x00007ff82da90000 - 0x00007ff82db7d000 	C:\Windows\System32\COMDLG32.dll
0x00007ff8194e0000 - 0x00007ff81967b000 	C:\Windows\WinSxS\amd64_microsoft.windows.gdiplus_6595b64144ccf1df_1.1.17134.648_none_2c3093ce8af520a0\gdiplus.dll
0x00007ffffa2e0000 - 0x00007ffffa3d6000 	C:\Windows\System32\DDRAW.dll
0x00007ff82a030000 - 0x00007ff82a0eb000 	C:\Windows\System32\dxgi.dll
0x00007ff8257c0000 - 0x00007ff8257c8000 	C:\Windows\System32\DCIMAN32.dll
0x00007ffff5c70000 - 0x00007ffff5cb2000 	D:\java\bin\t2k.dll
0x00007ff822ee0000 - 0x00007ff822f76000 	C:\Windows\System32\TextInputFramework.dll
0x00007ff823120000 - 0x00007ff82343e000 	C:\Windows\System32\CoreUIComponents.dll
0x00007ff8293d0000 - 0x00007ff8294aa000 	C:\Windows\System32\CoreMessaging.dll
0x00007ff827e30000 - 0x00007ff827f7d000 	C:\Windows\SYSTEM32\wintypes.dll
0x00007ff823720000 - 0x00007ff8238ce000 	C:\Windows\SYSTEM32\WindowsCodecs.dll
0x00007ff811cc0000 - 0x00007ff811d18000 	C:\Windows\system32\dataexchange.dll
0x00007ff828610000 - 0x00007ff82891b000 	C:\Windows\system32\d3d11.dll
0x00007ff828ef0000 - 0x00007ff82908c000 	C:\Windows\system32\dcomp.dll
0x00007ff829b20000 - 0x00007ff829cd8000 	C:\Windows\system32\twinapi.appcore.dll
0x00007ff829ac0000 - 0x00007ff829ae9000 	C:\Windows\system32\RMCLIENT.dll
0x0000000180000000 - 0x0000000180025000 	D:\Schule\Diplomarbeit\EasyVision\lib\rxtxSerial.dll
0x00007ff826030000 - 0x00007ff8261f9000 	C:\Windows\SYSTEM32\dbghelp.dll

VM Arguments:
jvm_args: -Djava.library.path=D:\Schule\Diplomarbeit\EasyVision\opencv\build\java;D:\Schule\Diplomarbeit\EasyVision\lib -Dfile.encoding=Cp1252 
java_command: main.MainFrame
java_class_path (initial): D:\java\lib\resources.jar;D:\java\lib\rt.jar;D:\java\lib\jsse.jar;D:\java\lib\jce.jar;D:\java\lib\charsets.jar;D:\java\lib\jfr.jar;D:\java\lib\ext\access-bridge-64.jar;D:\java\lib\ext\cldrdata.jar;D:\java\lib\ext\dnsns.jar;D:\java\lib\ext\jaccess.jar;D:\java\lib\ext\jfxrt.jar;D:\java\lib\ext\localedata.jar;D:\java\lib\ext\nashorn.jar;D:\java\lib\ext\sunec.jar;D:\java\lib\ext\sunjce_provider.jar;D:\java\lib\ext\sunmscapi.jar;D:\java\lib\ext\sunpkcs11.jar;D:\java\lib\ext\zipfs.jar;D:\Schule\Diplomarbeit\EasyVision\bin;D:\Schule\Diplomarbeit\EasyVision\opencv\build\java\opencv-341.jar;D:\Schule\Diplomarbeit\EasyVision\miglayout15-swing.jar;D:\Schule\Diplomarbeit\EasyVision\lib\annotations-3.0.1.jar;D:\Schule\Diplomarbeit\EasyVision\lib\guava-27.0.1-jre.jar;D:\Schule\Diplomarbeit\EasyVision\lib\javassist-3.24.1-GA.jar;D:\Schule\Diplomarbeit\EasyVision\lib\reflections-0.9.10.jar;D:\Schule\Diplomarbeit\EasyVision\lib\RXTXcomm.jar
Launcher Type: SUN_STANDARD

Environment Variables:
PATH=D:/java/bin/server;D:/java/bin;D:/java/lib/amd64;D:\Program Files (x86)\Rockwell Software\RSCommon;C:\Program Files (x86)\Common Files\Oracle\Java\javapath;C:\Program Files (x86)\Razer Chroma SDK\bin;C:\Program Files\Razer Chroma SDK\bin;C:\Program Files (x86)\Intel\Intel(R) Management Engine Components\iCLS\;C:\Program Files\Intel\Intel(R) Management Engine Components\iCLS\;C:\Windows\system32;C:\Windows;C:\Windows\System32\Wbem;C:\Windows\System32\WindowsPowerShell\v1.0\;C:\Windows\System32\OpenSSH\;C:\Program Files (x86)\Intel\Intel(R) Management Engine Components\DAL;C:\Program Files\Intel\Intel(R) Management Engine Components\DAL;C:\Program Files\Intel\WiFi\bin\;C:\Program Files\Common Files\Intel\WirelessCommon\;C:\Program Files (x86)\NVIDIA Corporation\PhysX\Common;C:\Users\Administrator\AppData\Local\Microsoft\WindowsApps;C:\Program Files\Intel\WiFi\bin\;C:\Program Files\Common Files\Intel\WirelessCommon\;C:\Program Files\NVIDIA Corporation\NVIDIA NvDLISR;D:\xampp\mysql\bin;D:\Program Files\Git\cmd;C:\Python\Python37\Scripts\;C:\Python\Python37\;C:\Users\Simsen\AppData\Local\Microsoft\WindowsApps;C:\Users\Simsen\AppData\Local\GitHubDesktop\bin;D:\Users\Simsen\AppData\Local\Programs\MiKTeX 2.9\miktex\bin\x64\;D:\Desktop;
USERNAME=Simsen
OS=Windows_NT
PROCESSOR_IDENTIFIER=Intel64 Family 6 Model 158 Stepping 10, GenuineIntel



---------------  S Y S T E M  ---------------

OS: Windows 10.0 , 64 bit Build 17134 (10.0.17134.648)

CPU:total 12 (initial active 12) (6 cores per cpu, 2 threads per core) family 6 model 158 stepping 10, cmov, cx8, fxsr, mmx, sse, sse2, sse3, ssse3, sse4.1, sse4.2, popcnt, avx, avx2, aes, clmul, erms, 3dnowpref, lzcnt, ht, tsc, tscinvbit, bmi1, bmi2, adx

Memory: 4k page, physical 16674640k(8413916k free), swap 21655376k(9809968k free)

vm_info: Java HotSpot(TM) 64-Bit Server VM (25.201-b09) for windows-amd64 JRE (1.8.0_201-b09), built on Dec 15 2018 18:36:39 by "java_re" with MS VC++ 10.0 (VS2010)

time: Mon Mar 18 19:11:24 2019
timezone: Mitteleuropäische Zeit
elapsed time: 95 seconds (0d 0h 1m 35s)

