#
# A fatal error has been detected by the Java Runtime Environment:
#
#  EXCEPTION_ACCESS_VIOLATION (0xc0000005) at pc=0x0000000180005b6b, pid=25400, tid=0x0000000000004ee8
#
# JRE version: Java(TM) SE Runtime Environment (8.0_201-b09) (build 1.8.0_201-b09)
# Java VM: Java HotSpot(TM) 64-Bit Server VM (25.201-b09 mixed mode windows-amd64 compressed oops)
# Problematic frame:
# C  [rxtxSerial.dll+0x5b6b]
#
# Failed to write core dump. Minidumps are not enabled by default on client versions of Windows
#
# If you would like to submit a bug report, please visit:
#   http://bugreport.java.com/bugreport/crash.jsp
# The crash happened outside the Java Virtual Machine in native code.
# See problematic frame for where to report the bug.
#

---------------  T H R E A D  ---------------

Current thread (0x0000000020581800):  JavaThread "Thread-13" [_thread_in_native, id=20200, stack(0x0000000037630000,0x0000000037730000)]

siginfo: ExceptionCode=0xc0000005, writing address 0x000000003762f168

Registers:
RAX=0x00000000ffffffff, RBX=0x0000000000000000, RCX=0xeb0047282c2e0000, RDX=0x0000000000000000
RSP=0x000000003772e9a0, RBP=0x00000000ffffffff, RSI=0x0000000000000005, RDI=0x0000000000000001
R8 =0x000000003772e480, R9 =0x0000000180000000, R10=0x0000000000000000, R11=0x0000000000000200
R12=0x000000003762f160, R13=0x0000000000000001, R14=0x0000000000000000, R15=0x0000000000000000
RIP=0x0000000180005b6b, EFLAGS=0x0000000000010286

Top of Stack: (sp=0x000000003772e9a0)
0x000000003772e9a0:   0000000000000000 0000000000000000
0x000000003772e9b0:   0000000000000000 0000000000000000
0x000000003772e9c0:   0000000000000000 000000003772eb00
0x000000003772e9d0:   0000000000005c7c 0000000000000001
0x000000003772e9e0:   00000000205819f8 0000000000000001
0x000000003772e9f0:   ffffffffffffffff 0000000180006211
0x000000003772ea00:   0000000020492120 0000000000000001
0x000000003772ea10:   0000000000000001 0000000020492120
0x000000003772ea20:   0000000000000001 00000000ffffffff
0x000000003772ea30:   000000003772eaf8 00000000205819f8
0x000000003772ea40:   000000003772eb30 0000000180006920
0x000000003772ea50:   00000000205819f8 000000004004667f
0x000000003772ea60:   000000003772ea70 fffffffffffff8b8
0x000000003772ea70:   0000000700000000 0000dd3792d37b0a
0x000000003772ea80:   0000000020581800 0000000000005c7c
0x000000003772ea90:   0000000020581800 0000000000000308 

Instructions: (pc=0x0000000180005b6b)
0x0000000180005b4b:   31 00 00 85 c0 78 33 74 06 03 d8 2b f8 eb 0a b9
0x0000000180005b5b:   e8 03 00 00 e8 1c 1c 00 00 41 3b dd 7c b7 8b c3
0x0000000180005b6b:   45 89 74 24 08 48 8b 5c 24 60 48 83 c4 20 41 5f
0x0000000180005b7b:   41 5e 41 5d 41 5c 5f 5e 5d c3 e8 1e 61 00 00 83 


Register to memory mapping:

RAX=0x00000000ffffffff is an unknown value
RBX=0x0000000000000000 is an unknown value
RCX=0xeb0047282c2e0000 is an unknown value
RDX=0x0000000000000000 is an unknown value
RSP=0x000000003772e9a0 is pointing into the stack for thread: 0x0000000020581800
RBP=0x00000000ffffffff is an unknown value
RSI=0x0000000000000005 is an unknown value
RDI=0x0000000000000001 is an unknown value
R8 =0x000000003772e480 is pointing into the stack for thread: 0x0000000020581800
R9 =0x0000000180000000 is an unknown value
R10=0x0000000000000000 is an unknown value
R11=0x0000000000000200 is an unknown value
R12=0x000000003762f160 is an unknown value
R13=0x0000000000000001 is an unknown value
R14=0x0000000000000000 is an unknown value
R15=0x0000000000000000 is an unknown value


Stack: [0x0000000037630000,0x0000000037730000],  sp=0x000000003772e9a0,  free space=1018k
Native frames: (J=compiled Java code, j=interpreted, Vv=VM code, C=native code)
C  [rxtxSerial.dll+0x5b6b]
C  [rxtxSerial.dll+0x6211]
C  0x00000000035ad99a

Java frames: (J=compiled Java code, j=interpreted, Vv=VM code)
J 2805  gnu.io.RXTXPort.readArray([BII)I (0 bytes) @ 0x00000000035ad914 [0x00000000035ad8c0+0x54]
J 2804 C1 gnu.io.RXTXPort$SerialInputStream.read([BII)I (305 bytes) @ 0x00000000031112c4 [0x0000000003110940+0x984]
J 2792 C1 sun.nio.cs.StreamDecoder.readBytes()I (289 bytes) @ 0x00000000035ae8bc [0x00000000035ae160+0x75c]
J 2911 C1 sun.nio.cs.StreamDecoder.implRead([CII)I (243 bytes) @ 0x00000000035f22e4 [0x00000000035f1760+0xb84]
J 2813 C1 sun.nio.cs.StreamDecoder.read([CII)I (196 bytes) @ 0x00000000034a9854 [0x00000000034a9020+0x834]
J 2812 C1 java.io.InputStreamReader.read([CII)I (11 bytes) @ 0x00000000035a9e54 [0x00000000035a9dc0+0x94]
J 2814 C1 java.io.BufferedReader.fill()V (170 bytes) @ 0x00000000032854dc [0x0000000003285080+0x45c]
J 37 C1 java.io.BufferedReader.readLine(Z)Ljava/lang/String; (304 bytes) @ 0x0000000002ea9fbc [0x0000000002ea9ce0+0x2dc]
J 2770 C1 java.io.BufferedReader.readLine()Ljava/lang/String; (6 bytes) @ 0x00000000034f5814 [0x00000000034f5780+0x94]
j  arduino.serial.SerialReadingThread.run()V+17
v  ~StubRoutines::call_stub

---------------  P R O C E S S  ---------------

Java Threads: ( => current thread )
  0x0000000020502800 JavaThread "Thread-7541" [_thread_in_native, id=11852, stack(0x0000000066630000,0x0000000066730000)]
=>0x0000000020581800 JavaThread "Thread-13" [_thread_in_native, id=20200, stack(0x0000000037630000,0x0000000037730000)]
  0x000000002040b000 JavaThread "TimerQueue" daemon [_thread_blocked, id=912, stack(0x000000002a5d0000,0x000000002a6d0000)]
  0x0000000002c2e000 JavaThread "DestroyJavaVM" [_thread_blocked, id=14188, stack(0x0000000002ad0000,0x0000000002bd0000)]
  0x000000002017d800 JavaThread "AWT-EventQueue-0" [_thread_blocked, id=24668, stack(0x0000000028d00000,0x0000000028e00000)]
  0x000000001ff63000 JavaThread "AWT-Windows" daemon [_thread_in_native, id=18784, stack(0x0000000020890000,0x0000000020990000)]
  0x000000001ff62000 JavaThread "AWT-Shutdown" [_thread_blocked, id=15772, stack(0x0000000020790000,0x0000000020890000)]
  0x000000001ffaa800 JavaThread "Java2D Disposer" daemon [_thread_blocked, id=20024, stack(0x0000000020690000,0x0000000020790000)]
  0x000000001e159000 JavaThread "Service Thread" daemon [_thread_blocked, id=23848, stack(0x000000001fb20000,0x000000001fc20000)]
  0x000000001e0c2000 JavaThread "C1 CompilerThread3" daemon [_thread_blocked, id=27052, stack(0x000000001fa20000,0x000000001fb20000)]
  0x000000001e0c1800 JavaThread "C2 CompilerThread2" daemon [_thread_blocked, id=9692, stack(0x000000001f920000,0x000000001fa20000)]
  0x000000001e0b7800 JavaThread "C2 CompilerThread1" daemon [_thread_blocked, id=15756, stack(0x000000001f820000,0x000000001f920000)]
  0x000000001e0b1000 JavaThread "C2 CompilerThread0" daemon [_thread_blocked, id=19420, stack(0x000000001f720000,0x000000001f820000)]
  0x000000001e0af800 JavaThread "Attach Listener" daemon [_thread_blocked, id=23180, stack(0x000000001f620000,0x000000001f720000)]
  0x000000001c9de800 JavaThread "Signal Dispatcher" daemon [_thread_blocked, id=23660, stack(0x000000001f520000,0x000000001f620000)]
  0x000000001e0a3000 JavaThread "Finalizer" daemon [_thread_blocked, id=552, stack(0x000000001f300000,0x000000001f400000)]
  0x000000001c9cc800 JavaThread "Reference Handler" daemon [_thread_blocked, id=16484, stack(0x000000001f200000,0x000000001f300000)]

Other Threads:
  0x000000001c9c6800 VMThread [stack: 0x000000001f100000,0x000000001f200000] [id=25944]
  0x000000001e163000 WatcherThread [stack: 0x000000001fc20000,0x000000001fd20000] [id=26472]

VM state:not at safepoint (normal execution)

VM Mutex/Monitor currently owned by a thread: None

heap address: 0x00000006c1800000, size: 4072 MB, Compressed Oops mode: Zero based, Oop shift amount: 3
Narrow klass base: 0x0000000000000000, Narrow klass shift: 3
Compressed class space size: 1073741824 Address: 0x00000007c0000000

Heap:
 PSYoungGen      total 1366528K, used 12490K [0x000000076b300000, 0x00000007c0000000, 0x00000007c0000000)
  eden space 1343488K, 0% used [0x000000076b300000,0x000000076bf32a10,0x00000007bd300000)
  from space 23040K, 0% used [0x00000007be980000,0x00000007be980000,0x00000007c0000000)
  to   space 23040K, 0% used [0x00000007bd300000,0x00000007bd300000,0x00000007be980000)
 ParOldGen       total 304128K, used 99665K [0x00000006c1800000, 0x00000006d4100000, 0x000000076b300000)
  object space 304128K, 32% used [0x00000006c1800000,0x00000006c7954648,0x00000006d4100000)
 Metaspace       used 17864K, capacity 18274K, committed 18560K, reserved 1064960K
  class space    used 2234K, capacity 2327K, committed 2432K, reserved 1048576K

Card table byte_map: [0x0000000012150000,0x0000000012950000] byte_map_base: 0x000000000eb44000

Marking Bits: (ParMarkBitMap*) 0x00000000741a4ce0
 Begin Bits: [0x00000000138a0000, 0x0000000017840000)
 End Bits:   [0x0000000017840000, 0x000000001b7e0000)

Polling page: 0x0000000000bd0000

CodeCache: size=245760Kb used=9463Kb max_used=9473Kb free=236296Kb
 bounds [0x0000000002d90000, 0x0000000003700000, 0x0000000011d90000]
 total_blobs=3343 nmethods=2633 adapters=622
 compilation: enabled

Compilation events (10 events):
Event: 246.380 Thread 0x000000001e0c2000 3128       3       java.awt.Rectangle::union (219 bytes)
Event: 246.381 Thread 0x000000001e0c2000 nmethod 3128 0x000000000320b650 code [0x000000000320b840, 0x000000000320c2b0]
Event: 246.439 Thread 0x000000001e0c1800 3129       4       java.awt.Component::isMixingNeeded (269 bytes)
Event: 246.439 Thread 0x000000001e0c2000 3132   !   3       java.awt.Container::decreaseComponentCount (124 bytes)
Event: 246.440 Thread 0x000000001e0c2000 nmethod 3132 0x0000000003566290 code [0x0000000003566480, 0x00000000035672b8]
Event: 246.440 Thread 0x000000001e0c2000 3131   !   3       java.awt.Container::removeNotify (125 bytes)
Event: 246.441 Thread 0x000000001e0c2000 nmethod 3131 0x0000000003598810 code [0x0000000003598ac0, 0x000000000359a0d8]
Event: 246.442 Thread 0x000000001e0c2000 3130       3       javax.swing.JComponent::removeNotify (55 bytes)
Event: 246.442 Thread 0x000000001e0c2000 nmethod 3130 0x00000000031380d0 code [0x00000000031382e0, 0x0000000003138cb8]
Event: 246.444 Thread 0x000000001e0c1800 nmethod 3129 0x00000000031372d0 code [0x0000000003137480, 0x0000000003137a38]

GC Heap History (10 events):
Event: 246.368 GC heap before
{Heap before GC invocations=15714 (full 7576):
 PSYoungGen      total 1366528K, used 21020K [0x000000076b300000, 0x00000007c0000000, 0x00000007c0000000)
  eden space 1343488K, 0% used [0x000000076b300000,0x000000076b300000,0x00000007bd300000)
  from space 23040K, 91% used [0x00000007be980000,0x00000007bfe070b0,0x00000007c0000000)
  to   space 23040K, 0% used [0x00000007bd300000,0x00000007bd300000,0x00000007be980000)
 ParOldGen       total 304128K, used 99688K [0x00000006c1800000, 0x00000006d4100000, 0x000000076b300000)
  object space 304128K, 32% used [0x00000006c1800000,0x00000006c795a188,0x00000006d4100000)
 Metaspace       used 17845K, capacity 18274K, committed 18560K, reserved 1064960K
  class space    used 2229K, capacity 2327K, committed 2432K, reserved 1048576K
Event: 246.379 GC heap after
Heap after GC invocations=15714 (full 7576):
 PSYoungGen      total 1366528K, used 0K [0x000000076b300000, 0x00000007c0000000, 0x00000007c0000000)
  eden space 1343488K, 0% used [0x000000076b300000,0x000000076b300000,0x00000007bd300000)
  from space 23040K, 0% used [0x00000007be980000,0x00000007be980000,0x00000007c0000000)
  to   space 23040K, 0% used [0x00000007bd300000,0x00000007bd300000,0x00000007be980000)
 ParOldGen       total 304128K, used 99689K [0x00000006c1800000, 0x00000006d4100000, 0x000000076b300000)
  object space 304128K, 32% used [0x00000006c1800000,0x00000006c795a408,0x00000006d4100000)
 Metaspace       used 17845K, capacity 18274K, committed 18560K, reserved 1064960K
  class space    used 2229K, capacity 2327K, committed 2432K, reserved 1048576K
}
Event: 246.395 GC heap before
{Heap before GC invocations=15715 (full 7576):
 PSYoungGen      total 1366528K, used 33103K [0x000000076b300000, 0x00000007c0000000, 0x00000007c0000000)
  eden space 1343488K, 2% used [0x000000076b300000,0x000000076d353ef8,0x00000007bd300000)
  from space 23040K, 0% used [0x00000007be980000,0x00000007be980000,0x00000007c0000000)
  to   space 23040K, 0% used [0x00000007bd300000,0x00000007bd300000,0x00000007be980000)
 ParOldGen       total 304128K, used 99689K [0x00000006c1800000, 0x00000006d4100000, 0x000000076b300000)
  object space 304128K, 32% used [0x00000006c1800000,0x00000006c795a408,0x00000006d4100000)
 Metaspace       used 17845K, capacity 18274K, committed 18560K, reserved 1064960K
  class space    used 2229K, capacity 2327K, committed 2432K, reserved 1048576K
Event: 246.397 GC heap after
Heap after GC invocations=15715 (full 7576):
 PSYoungGen      total 1366528K, used 21052K [0x000000076b300000, 0x00000007c0000000, 0x00000007c0000000)
  eden space 1343488K, 0% used [0x000000076b300000,0x000000076b300000,0x00000007bd300000)
  from space 23040K, 91% used [0x00000007bd300000,0x00000007be78f0b0,0x00000007be980000)
  to   space 23040K, 0% used [0x00000007be980000,0x00000007be980000,0x00000007c0000000)
 ParOldGen       total 304128K, used 99689K [0x00000006c1800000, 0x00000006d4100000, 0x000000076b300000)
  object space 304128K, 32% used [0x00000006c1800000,0x00000006c795a408,0x00000006d4100000)
 Metaspace       used 17845K, capacity 18274K, committed 18560K, reserved 1064960K
  class space    used 2229K, capacity 2327K, committed 2432K, reserved 1048576K
}
Event: 246.397 GC heap before
{Heap before GC invocations=15716 (full 7577):
 PSYoungGen      total 1366528K, used 21052K [0x000000076b300000, 0x00000007c0000000, 0x00000007c0000000)
  eden space 1343488K, 0% used [0x000000076b300000,0x000000076b300000,0x00000007bd300000)
  from space 23040K, 91% used [0x00000007bd300000,0x00000007be78f0b0,0x00000007be980000)
  to   space 23040K, 0% used [0x00000007be980000,0x00000007be980000,0x00000007c0000000)
 ParOldGen       total 304128K, used 99689K [0x00000006c1800000, 0x00000006d4100000, 0x000000076b300000)
  object space 304128K, 32% used [0x00000006c1800000,0x00000006c795a408,0x00000006d4100000)
 Metaspace       used 17845K, capacity 18274K, committed 18560K, reserved 1064960K
  class space    used 2229K, capacity 2327K, committed 2432K, reserved 1048576K
Event: 246.407 GC heap after
Heap after GC invocations=15716 (full 7577):
 PSYoungGen      total 1366528K, used 0K [0x000000076b300000, 0x00000007c0000000, 0x00000007c0000000)
  eden space 1343488K, 0% used [0x000000076b300000,0x000000076b300000,0x00000007bd300000)
  from space 23040K, 0% used [0x00000007bd300000,0x00000007bd300000,0x00000007be980000)
  to   space 23040K, 0% used [0x00000007be980000,0x00000007be980000,0x00000007c0000000)
 ParOldGen       total 304128K, used 99690K [0x00000006c1800000, 0x00000006d4100000, 0x000000076b300000)
  object space 304128K, 32% used [0x00000006c1800000,0x00000006c795a830,0x00000006d4100000)
 Metaspace       used 17845K, capacity 18274K, committed 18560K, reserved 1064960K
  class space    used 2229K, capacity 2327K, committed 2432K, reserved 1048576K
}
Event: 246.423 GC heap before
{Heap before GC invocations=15717 (full 7577):
 PSYoungGen      total 1366528K, used 33103K [0x000000076b300000, 0x00000007c0000000, 0x00000007c0000000)
  eden space 1343488K, 2% used [0x000000076b300000,0x000000076d353ef8,0x00000007bd300000)
  from space 23040K, 0% used [0x00000007bd300000,0x00000007bd300000,0x00000007be980000)
  to   space 23040K, 0% used [0x00000007be980000,0x00000007be980000,0x00000007c0000000)
 ParOldGen       total 304128K, used 99690K [0x00000006c1800000, 0x00000006d4100000, 0x000000076b300000)
  object space 304128K, 32% used [0x00000006c1800000,0x00000006c795a830,0x00000006d4100000)
 Metaspace       used 17845K, capacity 18274K, committed 18560K, reserved 1064960K
  class space    used 2229K, capacity 2327K, committed 2432K, reserved 1048576K
Event: 246.425 GC heap after
Heap after GC invocations=15717 (full 7577):
 PSYoungGen      total 1366528K, used 21920K [0x000000076b300000, 0x00000007c0000000, 0x00000007c0000000)
  eden space 1343488K, 0% used [0x000000076b300000,0x000000076b300000,0x00000007bd300000)
  from space 23040K, 95% used [0x00000007be980000,0x00000007bfee80c0,0x00000007c0000000)
  to   space 23040K, 0% used [0x00000007bd300000,0x00000007bd300000,0x00000007be980000)
 ParOldGen       total 304128K, used 99690K [0x00000006c1800000, 0x00000006d4100000, 0x000000076b300000)
  object space 304128K, 32% used [0x00000006c1800000,0x00000006c795a830,0x00000006d4100000)
 Metaspace       used 17845K, capacity 18274K, committed 18560K, reserved 1064960K
  class space    used 2229K, capacity 2327K, committed 2432K, reserved 1048576K
}
Event: 246.425 GC heap before
{Heap before GC invocations=15718 (full 7578):
 PSYoungGen      total 1366528K, used 21920K [0x000000076b300000, 0x00000007c0000000, 0x00000007c0000000)
  eden space 1343488K, 0% used [0x000000076b300000,0x000000076b300000,0x00000007bd300000)
  from space 23040K, 95% used [0x00000007be980000,0x00000007bfee80c0,0x00000007c0000000)
  to   space 23040K, 0% used [0x00000007bd300000,0x00000007bd300000,0x00000007be980000)
 ParOldGen       total 304128K, used 99690K [0x00000006c1800000, 0x00000006d4100000, 0x000000076b300000)
  object space 304128K, 32% used [0x00000006c1800000,0x00000006c795a830,0x00000006d4100000)
 Metaspace       used 17845K, capacity 18274K, committed 18560K, reserved 1064960K
  class space    used 2229K, capacity 2327K, committed 2432K, reserved 1048576K
Event: 246.435 GC heap after
Heap after GC invocations=15718 (full 7578):
 PSYoungGen      total 1366528K, used 0K [0x000000076b300000, 0x00000007c0000000, 0x00000007c0000000)
  eden space 1343488K, 0% used [0x000000076b300000,0x000000076b300000,0x00000007bd300000)
  from space 23040K, 0% used [0x00000007be980000,0x00000007be980000,0x00000007c0000000)
  to   space 23040K, 0% used [0x00000007bd300000,0x00000007bd300000,0x00000007be980000)
 ParOldGen       total 304128K, used 99692K [0x00000006c1800000, 0x00000006d4100000, 0x000000076b300000)
  object space 304128K, 32% used [0x00000006c1800000,0x00000006c795b018,0x00000006d4100000)
 Metaspace       used 17845K, capacity 18274K, committed 18560K, reserved 1064960K
  class space    used 2229K, capacity 2327K, committed 2432K, reserved 1048576K
}

Deoptimization events (10 events):
Event: 245.703 Thread 0x000000002017d800 Uncommon trap: reason=class_check action=maybe_recompile pc=0x000000000340f910 method=java.awt.EventQueue.coalesceMouseEvent(Ljava/awt/event/MouseEvent;)Z @ 4
Event: 245.703 Thread 0x000000002017d800 Uncommon trap: reason=class_check action=maybe_recompile pc=0x000000000364921c method=java.awt.EventQueue.coalesceMouseEvent(Ljava/awt/event/MouseEvent;)Z @ 4
Event: 245.704 Thread 0x000000002017d800 Uncommon trap: reason=speculate_class_check action=maybe_recompile pc=0x00000000032831d8 method=java.awt.Container.findComponentAt(IIZ)Ljava/awt/Component; @ 9
Event: 245.704 Thread 0x000000001ff63000 Uncommon trap: reason=class_check action=maybe_recompile pc=0x000000000317f814 method=sun.awt.windows.WObjectPeer.getPeerForTarget(Ljava/lang/Object;)Lsun/awt/windows/WObjectPeer; @ 4
Event: 245.704 Thread 0x000000002017d800 Uncommon trap: reason=class_check action=maybe_recompile pc=0x0000000003659860 method=javax.swing.RepaintManager.addDirtyRegion0(Ljava/awt/Container;IIII)V @ 91
Event: 245.705 Thread 0x000000002017d800 Uncommon trap: reason=class_check action=maybe_recompile pc=0x00000000034f29d8 method=java.awt.Component.getGraphics()Ljava/awt/Graphics; @ 114
Event: 245.705 Thread 0x000000002017d800 Uncommon trap: reason=unstable_if action=reinterpret pc=0x00000000034f298c method=sun.java2d.SunGraphics2D.constrain(IIIILsun/java2d/pipe/Region;)V @ 195
Event: 245.705 Thread 0x000000002017d800 Uncommon trap: reason=class_check action=maybe_recompile pc=0x000000000360b2f0 method=javax.swing.SwingUtilities.getWindowAncestor(Ljava/awt/Component;)Ljava/awt/Window; @ 17
Event: 245.707 Thread 0x000000002017d800 Uncommon trap: reason=class_check action=maybe_recompile pc=0x000000000366f330 method=javax.swing.SwingUtilities.getWindowAncestor(Ljava/awt/Component;)Ljava/awt/Window; @ 17
Event: 246.437 Thread 0x000000002017d800 Uncommon trap: reason=class_check action=maybe_recompile pc=0x0000000003659860 method=javax.swing.RepaintManager.addDirtyRegion0(Ljava/awt/Container;IIII)V @ 91

Classes redefined (0 events):
No events

Internal exceptions (10 events):
Event: 1.245 Thread 0x0000000002c2e000 Exception <a 'java/lang/NoSuchMethodError': <clinit>> (0x000000076e5d57c0) thrown at [C:\re\workspace\8-2-build-windows-amd64-cygwin\jdk8u201\12322\hotspot\src\share\vm\prims\jni.cpp, line 1613]
Event: 10.467 Thread 0x000000002017d800 Implicit null exception at 0x0000000003328250 to 0x0000000003328372
Event: 20.176 Thread 0x000000002017d800 Implicit null exception at 0x0000000003296c08 to 0x00000000032972f0
Event: 26.585 Thread 0x000000002017d800 Exception <a 'java/io/FileNotFoundException'> (0x000000076b34c968) thrown at [C:\re\workspace\8-2-build-windows-amd64-cygwin\jdk8u201\12322\hotspot\src\share\vm\prims\jni.cpp, line 709]
Event: 26.586 Thread 0x000000002017d800 Exception <a 'java/io/FileNotFoundException'> (0x000000076b363050) thrown at [C:\re\workspace\8-2-build-windows-amd64-cygwin\jdk8u201\12322\hotspot\src\share\vm\prims\jni.cpp, line 709]
Event: 26.587 Thread 0x000000002017d800 Exception <a 'java/io/FileNotFoundException'> (0x000000076b373218) thrown at [C:\re\workspace\8-2-build-windows-amd64-cygwin\jdk8u201\12322\hotspot\src\share\vm\prims\jni.cpp, line 709]
Event: 26.588 Thread 0x000000002017d800 Exception <a 'java/io/FileNotFoundException'> (0x000000076b389408) thrown at [C:\re\workspace\8-2-build-windows-amd64-cygwin\jdk8u201\12322\hotspot\src\share\vm\prims\jni.cpp, line 709]
Event: 245.170 Thread 0x000000002017d800 Exception <a 'java/io/FileNotFoundException'> (0x000000076b998dd0) thrown at [C:\re\workspace\8-2-build-windows-amd64-cygwin\jdk8u201\12322\hotspot\src\share\vm\prims\jni.cpp, line 709]
Event: 245.171 Thread 0x000000002017d800 Exception <a 'java/io/FileNotFoundException'> (0x000000076b9aefc0) thrown at [C:\re\workspace\8-2-build-windows-amd64-cygwin\jdk8u201\12322\hotspot\src\share\vm\prims\jni.cpp, line 709]
Event: 246.440 Thread 0x0000000020581800 Exception <a 'java/lang/InterruptedException': sleep interrupted> (0x000000076cc51628) thrown at [C:\re\workspace\8-2-build-windows-amd64-cygwin\jdk8u201\12322\hotspot\src\share\vm\prims\jvm.cpp, line 3340]

Events (10 events):
Event: 246.423 Executing VM operation: ParallelGCSystemGC
Event: 246.435 Executing VM operation: ParallelGCSystemGC done
Event: 246.437 Thread 0x000000002017d800 Uncommon trap: trap_request=0xffffffde fr.pc=0x0000000003659860
Event: 246.437 Thread 0x000000002017d800 DEOPT PACKING pc=0x0000000003659860 sp=0x0000000028dfccc0
Event: 246.437 Thread 0x000000002017d800 DEOPT UNPACKING pc=0x0000000002dd583b sp=0x0000000028dfccc0 mode 2
Event: 246.439 loading class javax/swing/Popup$DefaultFrame
Event: 246.439 loading class javax/swing/Popup$DefaultFrame done
Event: 246.439 loading class javax/swing/PopupFactory$HeavyWeightPopup$1
Event: 246.439 loading class javax/swing/PopupFactory$HeavyWeightPopup$1 done
Event: 246.447 Thread 0x000000002a2ce800 Thread exited: 0x000000002a2ce800


Dynamic libraries:
0x00007ff72e7a0000 - 0x00007ff72e7d7000 	D:\java\bin\javaw.exe
0x00007ff82ef60000 - 0x00007ff82f141000 	C:\Windows\SYSTEM32\ntdll.dll
0x00007ff80d990000 - 0x00007ff80d9a2000 	C:\Program Files\AVAST Software\Avast\aswhook.dll
0x00007ff82e2d0000 - 0x00007ff82e382000 	C:\Windows\System32\KERNEL32.DLL
0x00007ff82b500000 - 0x00007ff82b773000 	C:\Windows\System32\KERNELBASE.dll
0x00007ff82eb50000 - 0x00007ff82ebf1000 	C:\Windows\System32\ADVAPI32.dll
0x00007ff82ec60000 - 0x00007ff82ecfe000 	C:\Windows\System32\msvcrt.dll
0x00007ff82e520000 - 0x00007ff82e57b000 	C:\Windows\System32\sechost.dll
0x00007ff82d860000 - 0x00007ff82d984000 	C:\Windows\System32\RPCRT4.dll
0x00007ff82e130000 - 0x00007ff82e2c0000 	C:\Windows\System32\USER32.dll
0x00007ff82bf90000 - 0x00007ff82bfb0000 	C:\Windows\System32\win32u.dll
0x00007ff82d830000 - 0x00007ff82d858000 	C:\Windows\System32\GDI32.dll
0x00007ff82c250000 - 0x00007ff82c3e2000 	C:\Windows\System32\gdi32full.dll
0x00007ff82b3b0000 - 0x00007ff82b44f000 	C:\Windows\System32\msvcp_win.dll
0x00007ff82b780000 - 0x00007ff82b878000 	C:\Windows\System32\ucrtbase.dll
0x00007ff812930000 - 0x00007ff812b99000 	C:\Windows\WinSxS\amd64_microsoft.windows.common-controls_6595b64144ccf1df_6.0.17134.648_none_fb45a0e93062a6d2\COMCTL32.dll
0x00007ff82de00000 - 0x00007ff82e122000 	C:\Windows\System32\combase.dll
0x00007ff82b330000 - 0x00007ff82b3aa000 	C:\Windows\System32\bcryptPrimitives.dll
0x00007ff82ea80000 - 0x00007ff82eaad000 	C:\Windows\System32\IMM32.DLL
0x00000000737c0000 - 0x0000000073891000 	D:\java\bin\msvcr100.dll
0x0000000073980000 - 0x0000000074224000 	D:\java\bin\server\jvm.dll
0x00007ff82e2c0000 - 0x00007ff82e2c8000 	C:\Windows\System32\PSAPI.DLL
0x00007ff81b4c0000 - 0x00007ff81b4c9000 	C:\Windows\SYSTEM32\WSOCK32.dll
0x00007ff82ed00000 - 0x00007ff82ed6c000 	C:\Windows\System32\WS2_32.dll
0x00007ff823d10000 - 0x00007ff823d33000 	C:\Windows\SYSTEM32\WINMM.dll
0x00007ff826d30000 - 0x00007ff826d3a000 	C:\Windows\SYSTEM32\VERSION.dll
0x00007ff823ce0000 - 0x00007ff823d0a000 	C:\Windows\SYSTEM32\WINMMBASE.dll
0x00007ff82b4b0000 - 0x00007ff82b4f9000 	C:\Windows\System32\cfgmgr32.dll
0x00007ff822670000 - 0x00007ff82267f000 	D:\java\bin\verify.dll
0x00007ff81c3c0000 - 0x00007ff81c3e9000 	D:\java\bin\java.dll
0x00007ff822100000 - 0x00007ff822116000 	D:\java\bin\zip.dll
0x00007ff82c3f0000 - 0x00007ff82d830000 	C:\Windows\System32\SHELL32.dll
0x00007ff82e9d0000 - 0x00007ff82ea79000 	C:\Windows\System32\shcore.dll
0x00007ff82b880000 - 0x00007ff82bf8d000 	C:\Windows\System32\windows.storage.dll
0x00007ff82ed70000 - 0x00007ff82edc1000 	C:\Windows\System32\shlwapi.dll
0x00007ff82b310000 - 0x00007ff82b321000 	C:\Windows\System32\kernel.appcore.dll
0x00007ff82b2d0000 - 0x00007ff82b2ef000 	C:\Windows\System32\profapi.dll
0x00007ff82b280000 - 0x00007ff82b2cc000 	C:\Windows\System32\powrprof.dll
0x00007ff82b270000 - 0x00007ff82b27a000 	C:\Windows\System32\FLTLIB.DLL
0x00007ffff6a90000 - 0x00007ffff6c29000 	D:\java\bin\awt.dll
0x00007ff82db80000 - 0x00007ff82dc43000 	C:\Windows\System32\OLEAUT32.dll
0x00007ff8295d0000 - 0x00007ff82965b000 	C:\Windows\SYSTEM32\apphelp.dll
0x00007ff829900000 - 0x00007ff829998000 	C:\Windows\system32\uxtheme.dll
0x00007ff82e3a0000 - 0x00007ff82e513000 	C:\Windows\System32\MSCTF.dll
0x00007ff8299e0000 - 0x00007ff829a09000 	C:\Windows\system32\dwmapi.dll
0x00007ff82edd0000 - 0x00007ff82ef21000 	C:\Windows\System32\ole32.dll
0x00007fffc3560000 - 0x00007fffc6232000 	D:\Schule\Diplomarbeit\EasyVision\opencv\build\java\x64\opencv_java341.dll
0x00007ff80bb80000 - 0x00007ff80bba9000 	C:\Windows\SYSTEM32\MSVFW32.dll
0x00007ff826ce0000 - 0x00007ff826cff000 	C:\Windows\SYSTEM32\AVIFIL32.dll
0x00007ffffd6a0000 - 0x00007ffffd6b8000 	C:\Windows\SYSTEM32\AVICAP32.dll
0x00007ff822510000 - 0x00007ff82252c000 	C:\Windows\SYSTEM32\MSACM32.dll
0x0000000066cc0000 - 0x000000006862e000 	D:\Schule\Diplomarbeit\EasyVision\opencv\build\x64\vc15\bin\opencv_ffmpeg341_64.dll
0x00007ff81aef0000 - 0x00007ff81aefc000 	C:\Windows\SYSTEM32\Secur32.dll
0x00007ff82b170000 - 0x00007ff82b1a0000 	C:\Windows\SYSTEM32\SSPICLI.DLL
0x00007ff822120000 - 0x00007ff822240000 	C:\Windows\system32\opengl32.dll
0x00007ff8271d0000 - 0x00007ff8271fc000 	C:\Windows\SYSTEM32\GLU32.dll
0x00007ffff6a40000 - 0x00007ffff6a87000 	D:\java\bin\fontmanager.dll
0x00007ff81c380000 - 0x00007ff81c39a000 	D:\java\bin\net.dll
0x00007ff81dac0000 - 0x00007ff81dc88000 	C:\Windows\SYSTEM32\urlmon.dll
0x00007ff8217d0000 - 0x00007ff821a75000 	C:\Windows\SYSTEM32\iertutil.dll
0x00007ff82acc0000 - 0x00007ff82accb000 	C:\Windows\SYSTEM32\CRYPTBASE.DLL
0x00007ff82aaf0000 - 0x00007ff82ab56000 	C:\Windows\system32\mswsock.dll
0x00007ff81c1e0000 - 0x00007ff81c1f1000 	D:\java\bin\nio.dll
0x00007ff82eab0000 - 0x00007ff82eb50000 	C:\Windows\System32\clbcatq.dll
0x00007ff802930000 - 0x00007ff802947000 	C:\Windows\System32\devenum.dll
0x00007ff82e580000 - 0x00007ff82e9cb000 	C:\Windows\System32\setupapi.dll
0x00007ff82a360000 - 0x00007ff82a391000 	C:\Windows\SYSTEM32\ntmarta.dll
0x00007ff82b080000 - 0x00007ff82b0a7000 	C:\Windows\SYSTEM32\DEVOBJ.dll
0x00007ff82b450000 - 0x00007ff82b4a7000 	C:\Windows\System32\WINTRUST.dll
0x00007ff82b2f0000 - 0x00007ff82b302000 	C:\Windows\System32\MSASN1.dll
0x00007ff82c060000 - 0x00007ff82c242000 	C:\Windows\System32\CRYPT32.dll
0x00007ff81c3b0000 - 0x00007ff81c3ba000 	C:\Windows\SYSTEM32\msdmo.dll
0x00007ffff5ac0000 - 0x00007ffff5af3000 	C:\Windows\System32\qcap.dll
0x00007fffe5510000 - 0x00007fffe56cd000 	C:\Windows\System32\quartz.dll
0x00007ff82add0000 - 0x00007ff82adf5000 	C:\Windows\System32\bcrypt.dll
0x00007ffff4440000 - 0x00007ffff448b000 	C:\Windows\System32\mfksproxy.dll
0x00007ff80cfc0000 - 0x00007ff80cfdd000 	C:\Windows\System32\ATL.DLL
0x00007ff822880000 - 0x00007ff822a5b000 	C:\Windows\System32\MFPlat.DLL
0x00007ff827950000 - 0x00007ff82797e000 	C:\Windows\System32\RTWorkQ.DLL
0x00007ff824c70000 - 0x00007ff824cbe000 	C:\Windows\System32\MFSENSORGROUP.dll
0x00007ffff43f0000 - 0x00007ffff4438000 	C:\Windows\System32\ksproxy.ax
0x00007ff827c60000 - 0x00007ff827c69000 	C:\Windows\System32\ksuser.dll
0x00007ff825870000 - 0x00007ff825a07000 	C:\Windows\System32\d3d9.dll
0x00007ff826c40000 - 0x00007ff826cbf000 	C:\Windows\SYSTEM32\policymanager.dll
0x00007ff826a90000 - 0x00007ff826b21000 	C:\Windows\System32\msvcp110_win.dll
0x00007ff827c50000 - 0x00007ff827c5c000 	C:\Windows\System32\vidcap.ax
0x00007ff827160000 - 0x00007ff827186000 	C:\Windows\System32\kswdmcap.ax
0x00007ffff2890000 - 0x00007ffff29f4000 	C:\Windows\System32\MFC42.dll
0x00007ffff30c0000 - 0x00007ffff315f000 	C:\Windows\System32\qedit.dll
0x00007ff82da90000 - 0x00007ff82db7d000 	C:\Windows\System32\COMDLG32.dll
0x00007ff8194e0000 - 0x00007ff81967b000 	C:\Windows\WinSxS\amd64_microsoft.windows.gdiplus_6595b64144ccf1df_1.1.17134.648_none_2c3093ce8af520a0\gdiplus.dll
0x00007ffffa2e0000 - 0x00007ffffa3d6000 	C:\Windows\System32\DDRAW.dll
0x00007ff82a030000 - 0x00007ff82a0eb000 	C:\Windows\System32\dxgi.dll
0x00007ff8257c0000 - 0x00007ff8257c8000 	C:\Windows\System32\DCIMAN32.dll
0x00007ffff5c70000 - 0x00007ffff5cb2000 	D:\java\bin\t2k.dll
0x00007ff822ee0000 - 0x00007ff822f76000 	C:\Windows\System32\TextInputFramework.dll
0x00007ff823120000 - 0x00007ff82343e000 	C:\Windows\System32\CoreUIComponents.dll
0x00007ff8293d0000 - 0x00007ff8294aa000 	C:\Windows\System32\CoreMessaging.dll
0x00007ff827e30000 - 0x00007ff827f7d000 	C:\Windows\SYSTEM32\wintypes.dll
0x00007ff823720000 - 0x00007ff8238ce000 	C:\Windows\SYSTEM32\WindowsCodecs.dll
0x00007ff811cc0000 - 0x00007ff811d18000 	C:\Windows\system32\dataexchange.dll
0x00007ff828610000 - 0x00007ff82891b000 	C:\Windows\system32\d3d11.dll
0x00007ff828ef0000 - 0x00007ff82908c000 	C:\Windows\system32\dcomp.dll
0x00007ff829b20000 - 0x00007ff829cd8000 	C:\Windows\system32\twinapi.appcore.dll
0x00007ff829ac0000 - 0x00007ff829ae9000 	C:\Windows\system32\RMCLIENT.dll
0x0000000180000000 - 0x0000000180025000 	D:\Schule\Diplomarbeit\EasyVision\lib\rxtxSerial.dll
0x00007ff826030000 - 0x00007ff8261f9000 	C:\Windows\SYSTEM32\dbghelp.dll

VM Arguments:
jvm_args: -Djava.library.path=D:\Schule\Diplomarbeit\EasyVision\opencv\build\java;D:\Schule\Diplomarbeit\EasyVision\lib -Dfile.encoding=Cp1252 
java_command: main.MainFrame
java_class_path (initial): D:\java\lib\resources.jar;D:\java\lib\rt.jar;D:\java\lib\jsse.jar;D:\java\lib\jce.jar;D:\java\lib\charsets.jar;D:\java\lib\jfr.jar;D:\java\lib\ext\access-bridge-64.jar;D:\java\lib\ext\cldrdata.jar;D:\java\lib\ext\dnsns.jar;D:\java\lib\ext\jaccess.jar;D:\java\lib\ext\jfxrt.jar;D:\java\lib\ext\localedata.jar;D:\java\lib\ext\nashorn.jar;D:\java\lib\ext\sunec.jar;D:\java\lib\ext\sunjce_provider.jar;D:\java\lib\ext\sunmscapi.jar;D:\java\lib\ext\sunpkcs11.jar;D:\java\lib\ext\zipfs.jar;D:\Schule\Diplomarbeit\EasyVision\bin;D:\Schule\Diplomarbeit\EasyVision\opencv\build\java\opencv-341.jar;D:\Schule\Diplomarbeit\EasyVision\miglayout15-swing.jar;D:\Schule\Diplomarbeit\EasyVision\lib\annotations-3.0.1.jar;D:\Schule\Diplomarbeit\EasyVision\lib\guava-27.0.1-jre.jar;D:\Schule\Diplomarbeit\EasyVision\lib\javassist-3.24.1-GA.jar;D:\Schule\Diplomarbeit\EasyVision\lib\reflections-0.9.10.jar;D:\Schule\Diplomarbeit\EasyVision\lib\RXTXcomm.jar
Launcher Type: SUN_STANDARD

Environment Variables:
PATH=D:/java/bin/server;D:/java/bin;D:/java/lib/amd64;D:\Program Files (x86)\Rockwell Software\RSCommon;C:\Program Files (x86)\Common Files\Oracle\Java\javapath;C:\Program Files (x86)\Razer Chroma SDK\bin;C:\Program Files\Razer Chroma SDK\bin;C:\Program Files (x86)\Intel\Intel(R) Management Engine Components\iCLS\;C:\Program Files\Intel\Intel(R) Management Engine Components\iCLS\;C:\Windows\system32;C:\Windows;C:\Windows\System32\Wbem;C:\Windows\System32\WindowsPowerShell\v1.0\;C:\Windows\System32\OpenSSH\;C:\Program Files (x86)\Intel\Intel(R) Management Engine Components\DAL;C:\Program Files\Intel\Intel(R) Management Engine Components\DAL;C:\Program Files\Intel\WiFi\bin\;C:\Program Files\Common Files\Intel\WirelessCommon\;C:\Program Files (x86)\NVIDIA Corporation\PhysX\Common;C:\Users\Administrator\AppData\Local\Microsoft\WindowsApps;C:\Program Files\Intel\WiFi\bin\;C:\Program Files\Common Files\Intel\WirelessCommon\;C:\Program Files\NVIDIA Corporation\NVIDIA NvDLISR;D:\xampp\mysql\bin;D:\Program Files\Git\cmd;C:\Python\Python37\Scripts\;C:\Python\Python37\;C:\Users\Simsen\AppData\Local\Microsoft\WindowsApps;C:\Users\Simsen\AppData\Local\GitHubDesktop\bin;D:\Users\Simsen\AppData\Local\Programs\MiKTeX 2.9\miktex\bin\x64\;D:\Desktop;
USERNAME=Simsen
OS=Windows_NT
PROCESSOR_IDENTIFIER=Intel64 Family 6 Model 158 Stepping 10, GenuineIntel



---------------  S Y S T E M  ---------------

OS: Windows 10.0 , 64 bit Build 17134 (10.0.17134.648)

CPU:total 12 (initial active 12) (6 cores per cpu, 2 threads per core) family 6 model 158 stepping 10, cmov, cx8, fxsr, mmx, sse, sse2, sse3, ssse3, sse4.1, sse4.2, popcnt, avx, avx2, aes, clmul, erms, 3dnowpref, lzcnt, ht, tsc, tscinvbit, bmi1, bmi2, adx

Memory: 4k page, physical 16674640k(8042868k free), swap 21655376k(8758720k free)

vm_info: Java HotSpot(TM) 64-Bit Server VM (25.201-b09) for windows-amd64 JRE (1.8.0_201-b09), built on Dec 15 2018 18:36:39 by "java_re" with MS VC++ 10.0 (VS2010)

time: Mon Mar 18 18:59:53 2019
timezone: Mitteleuropäische Zeit
elapsed time: 246 seconds (0d 0h 4m 6s)

